01:07:29.500 [JavaFX Application Thread] DEBUG GameApplication      - Logger initialized
01:07:29.521 [JavaFX Application Thread] DEBUG GameApplication      - Logging settings
Title: Breakout
Version: 1.0
Width: 800
Height: 600
Fullscreen: false
Intro: false
Menus: false
Profiling: false
Single step:false
App Mode: DEVELOPER
Menu Key: ESCAPE
Stage Style: DECORATED
Scene Factory: class com.almasb.fxgl.scene.SceneFactory
Dialog Factory: class com.almasb.fxgl.ui.FXGLDialogFactory
UI Factory: class com.almasb.fxgl.ui.FXGLUIFactory
Notification Service: class com.almasb.fxgl.gameplay.notification.XboxNotificationView
Exception Handler: class com.almasb.fxgl.app.FXGLExceptionHandler
01:07:29.521 [JavaFX Application Thread] DEBUG GameApplication      - Starting FXGL
01:07:29.535 [JavaFX Application Thread] INFO  FXGL                 - FXGL-0.5.4 on DESKTOP
01:07:29.536 [JavaFX Application Thread] INFO  FXGL                 - Source code and latest versions at: https://github.com/AlmasB/FXGL
01:07:29.537 [JavaFX Application Thread] INFO  FXGL                 -              Join the FXGL chat at: https://gitter.im/AlmasB/FXGL
01:07:29.537 [JavaFX Application Thread] DEBUG FXGL                 - FXGL started
01:07:29.538 [JavaFX Application Thread] DEBUG FXGL                 - Initializing FXGL
01:07:29.645 [JavaFX Application Thread] DEBUG AssetLoader          - Loading from disk: /assets/ui/cursors/fxgl_default.png
01:07:29.887 [JavaFX Application Thread] DEBUG AssetLoader          - Loading from disk: /assets/ui/fonts/VarelaRound-Regular.ttf
01:07:30.037 [JavaFX Application Thread] DEBUG MainWindow           - Creating a JavaFX scene
01:07:30.137 [JavaFX Application Thread] DEBUG MainWindow           - Target settings size: 800.0 x 600.0
01:07:30.138 [JavaFX Application Thread] DEBUG MainWindow           - Scaled scene size:    800.0 x 600.0
01:07:30.139 [JavaFX Application Thread] DEBUG MainWindow           - Scaled ratio: (1.0, 1.0)
01:07:30.145 [JavaFX Application Thread] DEBUG AssetLoader          - Loading from disk: /assets/ui/css/fxgl_dark.css
01:07:30.155 [JavaFX Application Thread] DEBUG AssetLoader          - Loading from disk: /assets/textures/fxgl_icon.png
01:07:30.206 [JavaFX Application Thread] DEBUG MainWindow           - Opening main window
01:07:30.664 [JavaFX Application Thread] DEBUG MainWindow           - Window border size: (0.0, 35.0)
01:07:30.667 [JavaFX Application Thread] DEBUG MainWindow           - Scaled size: 800.0 x 565.0
01:07:30.668 [JavaFX Application Thread] DEBUG MainWindow           - Scaled ratio: (1.0, 0.9416666666666667)
01:07:30.672 [JavaFX Application Thread] DEBUG MainWindow           - Scene size: 800.0 x 600.0
01:07:30.673 [JavaFX Application Thread] DEBUG MainWindow           - Stage size: 800.0 x 600.0
01:07:30.859 [ForkJoinPool.commonPool-worker-1] DEBUG FS                   - Loaded DesktopFSService
01:07:30.863 [ForkJoinPool.commonPool-worker-1] DEBUG FXGL                 - Loading FXGL system data
01:07:30.889 [ForkJoinPool.commonPool-worker-1] DEBUG DesktopFSService     - Reading from: system/fxgl.bundle
01:07:30.937 [ForkJoinPool.commonPool-worker-1] DEBUG Bundle               - Logging bundle: FXGL
01:07:30.948 [ForkJoinPool.commonPool-worker-1] DEBUG Bundle               - FXGL.offline.timer.version.check=2018-12-09T23:48:16.969
01:07:30.956 [ForkJoinPool.commonPool-worker-1] DEBUG FXGL                 - Initializing state machine and application states
01:07:30.960 [ForkJoinPool.commonPool-worker-1] DEBUG AssetLoader          - Loading from disk: /assets/ui/cursors/fxgl_default.png
01:07:30.989 [ForkJoinPool.commonPool-worker-1] DEBUG AssetLoader          - Loading from disk: /assets/ui/cursors/fxgl_default.png
01:07:31.014 [ForkJoinPool.commonPool-worker-1] DEBUG AssetLoader          - Loading from cache: /assets/ui/fonts/VarelaRound-Regular.ttf
01:07:31.033 [ForkJoinPool.commonPool-worker-1] DEBUG AssetLoader          - Loading from disk: /assets/ui/cursors/fxgl_default.png
01:07:31.049 [ForkJoinPool.commonPool-worker-1] DEBUG GameScene            - Game scene initialized: 800x600
01:07:31.126 [ForkJoinPool.commonPool-worker-1] DEBUG GameWorld            - Game world initialized
01:07:31.468 [ForkJoinPool.commonPool-worker-1] DEBUG PhysicsWorld         - Physics world initialized: appHeight=600, physics.ppm=50,0
01:07:31.569 [ForkJoinPool.commonPool-worker-1] DEBUG Input                - Registered new binding: Pause - Esc
01:07:31.695 [JavaFX Application Thread] DEBUG FXGL                 - Running preInit()
01:07:31.698 [JavaFX Application Thread] DEBUG Input                - Registered new binding: Screenshot - P
01:07:31.702 [JavaFX Application Thread] DEBUG Input                - Registered new binding: Dev Options - CTRL+0
01:07:31.703 [JavaFX Application Thread] DEBUG Input                - Registered new binding: System info dump - CTRL+9
01:07:31.704 [JavaFX Application Thread] DEBUG Input                - Registered new binding: Restart - CTRL+R
01:07:31.704 [JavaFX Application Thread] DEBUG Input                - Registered new binding: Move right - D
01:07:31.705 [JavaFX Application Thread] DEBUG Input                - Registered new binding: Move left - A
01:07:31.705 [JavaFX Application Thread] DEBUG Input                - Registered new binding: Launch ball - Space
01:07:31.705 [JavaFX Application Thread] DEBUG Input                - Registered new binding: New level - N
01:07:31.706 [JavaFX Application Thread] DEBUG Input                - Registered new binding: Testing - W
01:07:31.707 [JavaFX Application Thread] INFO  FXGL                 - FXGL initialization took: 2,169 sec
01:07:31.707 [JavaFX Application Thread] DEBUG LoopRunner           - Starting loop
01:07:31.711 [JavaFX Application Thread] DEBUG StartupState         - STARTUP
01:07:31.711 [JavaFX Application Thread] DEBUG GameApplication      - Starting new game
01:07:31.712 [JavaFX Application Thread] DEBUG Input                - Clearing active input actions
01:07:31.713 [JavaFX Application Thread] DEBUG AssetLoader          - Loading from disk: /assets/ui/css/fxgl_dark.css
01:07:31.731 [JavaFX Application Thread] DEBUG AppStateMachine      - StartupState -> LoadingState
01:07:31.741 [FXGL Background Thread 1 ] DEBUG InitAppTask          - Clearing previous game
01:07:31.742 [FXGL Background Thread 1 ] DEBUG GameWorld            - Clearing game world
01:07:31.742 [FXGL Background Thread 1 ] DEBUG PhysicsWorld         - Clearing physics world
01:07:31.742 [FXGL Background Thread 1 ] DEBUG GameScene            - Clearing game scene
01:07:31.749 [FXGL Background Thread 1 ] DEBUG InitAppTask          - Initializing Game
01:07:31.928 [FXGL Background Thread 1 ] DEBUG GameScene            - Creating render group for layer: BACKGROUND(1000)
01:07:31.995 [FXGL Background Thread 1 ] DEBUG GameScene            - Creating render group for layer: DEFAULT(100000)
01:07:31.996 [FXGL Background Thread 1 ] DEBUG InitAppTask          - Initializing Physics
01:07:31.997 [FXGL Background Thread 1 ] DEBUG InitAppTask          - Initializing UI
01:07:31.999 [FXGL Background Thread 1 ] DEBUG InitAppTask          - Initialization Complete
01:07:31.999 [FXGL Background Thread 1 ] INFO  InitAppTask          - Game initialization took: 0,258 sec
01:07:32.000 [JavaFX Application Thread] DEBUG Input                - Clearing active input actions
01:07:32.000 [JavaFX Application Thread] DEBUG AssetLoader          - Loading from disk: /assets/ui/css/fxgl_dark.css
01:07:32.010 [JavaFX Application Thread] DEBUG AppStateMachine      - LoadingState -> PlayState
01:07:34.855 [JavaFX Application Thread] DEBUG FXGL                 - Exiting FXGL
01:07:34.855 [JavaFX Application Thread] DEBUG FXGL                 - Shutting down background threads
01:07:34.856 [JavaFX Application Thread] DEBUG FXGL                 - Saving FXGL system data
01:07:34.858 [JavaFX Application Thread] DEBUG DesktopFSService     - Writing to: system/fxgl.bundle
01:07:34.862 [JavaFX Application Thread] DEBUG FXGL                 - Closing logger and exiting JavaFX
