00:52:58.300 [JavaFX Application Thread] DEBUG GameApplication      - Logger initialized
00:52:58.324 [JavaFX Application Thread] DEBUG GameApplication      - Logging settings
Title: Breakout
Version: 1.0
Width: 800
Height: 800
Fullscreen: false
Intro: false
Menus: false
Profiling: false
Single step:false
App Mode: DEVELOPER
Menu Key: ESCAPE
Stage Style: DECORATED
Scene Factory: class com.almasb.fxgl.scene.SceneFactory
Dialog Factory: class com.almasb.fxgl.ui.FXGLDialogFactory
UI Factory: class com.almasb.fxgl.ui.FXGLUIFactory
Notification Service: class com.almasb.fxgl.gameplay.notification.XboxNotificationView
Exception Handler: class com.almasb.fxgl.app.FXGLExceptionHandler
00:52:58.325 [JavaFX Application Thread] DEBUG GameApplication      - Starting FXGL
00:52:58.345 [JavaFX Application Thread] INFO  FXGL                 - FXGL-0.5.4 on DESKTOP
00:52:58.346 [JavaFX Application Thread] INFO  FXGL                 - Source code and latest versions at: https://github.com/AlmasB/FXGL
00:52:58.346 [JavaFX Application Thread] INFO  FXGL                 -              Join the FXGL chat at: https://gitter.im/AlmasB/FXGL
00:52:58.347 [JavaFX Application Thread] DEBUG FXGL                 - FXGL started
00:52:58.347 [JavaFX Application Thread] DEBUG FXGL                 - Initializing FXGL
00:52:58.468 [JavaFX Application Thread] DEBUG AssetLoader          - Loading from disk: /assets/ui/cursors/fxgl_default.png
00:52:58.706 [JavaFX Application Thread] DEBUG AssetLoader          - Loading from disk: /assets/ui/fonts/VarelaRound-Regular.ttf
00:52:58.872 [JavaFX Application Thread] DEBUG MainWindow           - Creating a JavaFX scene
00:52:58.873 [JavaFX Application Thread] DEBUG MainWindow           - Target size > screen size
00:52:58.961 [JavaFX Application Thread] DEBUG MainWindow           - Target settings size: 800.0 x 800.0
00:52:58.963 [JavaFX Application Thread] DEBUG MainWindow           - Scaled scene size:    716.0 x 741.0
00:52:58.963 [JavaFX Application Thread] DEBUG MainWindow           - Scaled ratio: (0.895, 0.92625)
00:52:58.970 [JavaFX Application Thread] DEBUG AssetLoader          - Loading from disk: /assets/ui/css/fxgl_dark.css
00:52:58.982 [JavaFX Application Thread] DEBUG AssetLoader          - Loading from disk: /assets/textures/fxgl_icon.png
00:52:59.033 [JavaFX Application Thread] DEBUG MainWindow           - Opening main window
00:52:59.438 [JavaFX Application Thread] DEBUG MainWindow           - Window border size: (0.0, 35.0)
00:52:59.439 [JavaFX Application Thread] DEBUG MainWindow           - Scaled size: 716.0 x 706.0
00:52:59.441 [JavaFX Application Thread] DEBUG MainWindow           - Scaled ratio: (0.895, 0.8825)
00:52:59.442 [JavaFX Application Thread] DEBUG MainWindow           - Scene size: 716.0 x 741.0
00:52:59.442 [JavaFX Application Thread] DEBUG MainWindow           - Stage size: 716.0 x 741.0
00:52:59.667 [ForkJoinPool.commonPool-worker-1] DEBUG FS                   - Loaded DesktopFSService
00:52:59.673 [ForkJoinPool.commonPool-worker-1] DEBUG FXGL                 - Loading FXGL system data
00:52:59.691 [ForkJoinPool.commonPool-worker-1] DEBUG DesktopFSService     - Reading from: system/fxgl.bundle
00:52:59.757 [ForkJoinPool.commonPool-worker-1] DEBUG Bundle               - Logging bundle: FXGL
00:52:59.777 [ForkJoinPool.commonPool-worker-1] DEBUG Bundle               - FXGL.offline.timer.version.check=2018-12-09T23:48:16.969
00:52:59.789 [ForkJoinPool.commonPool-worker-1] DEBUG FXGL                 - Initializing state machine and application states
00:52:59.792 [ForkJoinPool.commonPool-worker-1] DEBUG AssetLoader          - Loading from disk: /assets/ui/cursors/fxgl_default.png
00:52:59.808 [ForkJoinPool.commonPool-worker-1] DEBUG AssetLoader          - Loading from disk: /assets/ui/cursors/fxgl_default.png
00:52:59.824 [ForkJoinPool.commonPool-worker-1] DEBUG AssetLoader          - Loading from cache: /assets/ui/fonts/VarelaRound-Regular.ttf
00:52:59.844 [ForkJoinPool.commonPool-worker-1] DEBUG AssetLoader          - Loading from disk: /assets/ui/cursors/fxgl_default.png
00:52:59.853 [ForkJoinPool.commonPool-worker-1] DEBUG GameScene            - Game scene initialized: 800x800
00:52:59.904 [ForkJoinPool.commonPool-worker-1] DEBUG GameWorld            - Game world initialized
00:53:00.056 [ForkJoinPool.commonPool-worker-1] DEBUG PhysicsWorld         - Physics world initialized: appHeight=800, physics.ppm=50,0
00:53:00.107 [ForkJoinPool.commonPool-worker-1] DEBUG Input                - Registered new binding: Pause - Esc
00:53:00.272 [JavaFX Application Thread] DEBUG FXGL                 - Running preInit()
00:53:00.276 [JavaFX Application Thread] DEBUG Input                - Registered new binding: Screenshot - P
00:53:00.278 [JavaFX Application Thread] DEBUG Input                - Registered new binding: Dev Options - CTRL+0
00:53:00.279 [JavaFX Application Thread] DEBUG Input                - Registered new binding: System info dump - CTRL+9
00:53:00.280 [JavaFX Application Thread] DEBUG Input                - Registered new binding: Restart - CTRL+R
00:53:00.281 [JavaFX Application Thread] DEBUG Input                - Registered new binding: Move right - D
00:53:00.281 [JavaFX Application Thread] DEBUG Input                - Registered new binding: Move left - A
00:53:00.284 [JavaFX Application Thread] INFO  FXGL                 - FXGL initialization took: 1,936 sec
00:53:00.285 [JavaFX Application Thread] DEBUG LoopRunner           - Starting loop
00:53:00.289 [JavaFX Application Thread] DEBUG StartupState         - STARTUP
00:53:00.289 [JavaFX Application Thread] DEBUG GameApplication      - Starting new game
00:53:00.289 [JavaFX Application Thread] DEBUG Input                - Clearing active input actions
00:53:00.291 [JavaFX Application Thread] DEBUG AssetLoader          - Loading from disk: /assets/ui/css/fxgl_dark.css
00:53:00.307 [JavaFX Application Thread] DEBUG AppStateMachine      - StartupState -> LoadingState
00:53:00.330 [FXGL Background Thread 1 ] DEBUG InitAppTask          - Clearing previous game
00:53:00.330 [FXGL Background Thread 1 ] DEBUG GameWorld            - Clearing game world
00:53:00.330 [FXGL Background Thread 1 ] DEBUG PhysicsWorld         - Clearing physics world
00:53:00.331 [FXGL Background Thread 1 ] DEBUG GameScene            - Clearing game scene
00:53:00.338 [FXGL Background Thread 1 ] DEBUG InitAppTask          - Initializing Game
00:53:00.596 [FXGL Background Thread 1 ] DEBUG GameScene            - Creating render group for layer: BACKGROUND(1000)
00:53:00.600 [FXGL Background Thread 1 ] DEBUG GameScene            - Creating render group for layer: DEFAULT(100000)
00:53:00.674 [FXGL Background Thread 1 ] DEBUG InitAppTask          - Initializing Physics
00:53:00.675 [FXGL Background Thread 1 ] DEBUG InitAppTask          - Initializing UI
00:53:00.676 [FXGL Background Thread 1 ] DEBUG InitAppTask          - Initialization Complete
00:53:00.676 [FXGL Background Thread 1 ] INFO  InitAppTask          - Game initialization took: 0,346 sec
00:53:00.682 [JavaFX Application Thread] DEBUG Input                - Clearing active input actions
00:53:00.683 [JavaFX Application Thread] DEBUG AssetLoader          - Loading from disk: /assets/ui/css/fxgl_dark.css
00:53:00.693 [JavaFX Application Thread] DEBUG AppStateMachine      - LoadingState -> PlayState
00:53:07.334 [JavaFX Application Thread] DEBUG FXGL                 - Exiting FXGL
00:53:07.334 [JavaFX Application Thread] DEBUG FXGL                 - Shutting down background threads
00:53:07.336 [JavaFX Application Thread] DEBUG FXGL                 - Saving FXGL system data
00:53:07.342 [JavaFX Application Thread] DEBUG DesktopFSService     - Writing to: system/fxgl.bundle
00:53:07.347 [JavaFX Application Thread] DEBUG FXGL                 - Closing logger and exiting JavaFX
