01:07:49.703 [JavaFX Application Thread] DEBUG GameApplication      - Logger initialized
01:07:49.729 [JavaFX Application Thread] DEBUG GameApplication      - Logging settings
Title: Breakout
Version: 1.0
Width: 800
Height: 600
Fullscreen: false
Intro: false
Menus: false
Profiling: false
Single step:false
App Mode: DEVELOPER
Menu Key: ESCAPE
Stage Style: DECORATED
Scene Factory: class com.almasb.fxgl.scene.SceneFactory
Dialog Factory: class com.almasb.fxgl.ui.FXGLDialogFactory
UI Factory: class com.almasb.fxgl.ui.FXGLUIFactory
Notification Service: class com.almasb.fxgl.gameplay.notification.XboxNotificationView
Exception Handler: class com.almasb.fxgl.app.FXGLExceptionHandler
01:07:49.730 [JavaFX Application Thread] DEBUG GameApplication      - Starting FXGL
01:07:49.750 [JavaFX Application Thread] INFO  FXGL                 - FXGL-0.5.4 on DESKTOP
01:07:49.751 [JavaFX Application Thread] INFO  FXGL                 - Source code and latest versions at: https://github.com/AlmasB/FXGL
01:07:49.751 [JavaFX Application Thread] INFO  FXGL                 -              Join the FXGL chat at: https://gitter.im/AlmasB/FXGL
01:07:49.752 [JavaFX Application Thread] DEBUG FXGL                 - FXGL started
01:07:49.753 [JavaFX Application Thread] DEBUG FXGL                 - Initializing FXGL
01:07:49.866 [JavaFX Application Thread] DEBUG AssetLoader          - Loading from disk: /assets/ui/cursors/fxgl_default.png
01:07:50.130 [JavaFX Application Thread] DEBUG AssetLoader          - Loading from disk: /assets/ui/fonts/VarelaRound-Regular.ttf
01:07:50.292 [JavaFX Application Thread] DEBUG MainWindow           - Creating a JavaFX scene
01:07:50.385 [JavaFX Application Thread] DEBUG MainWindow           - Target settings size: 800.0 x 600.0
01:07:50.385 [JavaFX Application Thread] DEBUG MainWindow           - Scaled scene size:    800.0 x 600.0
01:07:50.387 [JavaFX Application Thread] DEBUG MainWindow           - Scaled ratio: (1.0, 1.0)
01:07:50.395 [JavaFX Application Thread] DEBUG AssetLoader          - Loading from disk: /assets/ui/css/fxgl_dark.css
01:07:50.416 [JavaFX Application Thread] DEBUG AssetLoader          - Loading from disk: /assets/textures/fxgl_icon.png
01:07:50.469 [JavaFX Application Thread] DEBUG MainWindow           - Opening main window
01:07:50.898 [JavaFX Application Thread] DEBUG MainWindow           - Window border size: (0.0, 35.0)
01:07:50.898 [JavaFX Application Thread] DEBUG MainWindow           - Scaled size: 800.0 x 565.0
01:07:50.898 [JavaFX Application Thread] DEBUG MainWindow           - Scaled ratio: (1.0, 0.9416666666666667)
01:07:50.899 [JavaFX Application Thread] DEBUG MainWindow           - Scene size: 800.0 x 600.0
01:07:50.899 [JavaFX Application Thread] DEBUG MainWindow           - Stage size: 800.0 x 600.0
01:07:51.058 [ForkJoinPool.commonPool-worker-1] DEBUG FS                   - Loaded DesktopFSService
01:07:51.058 [ForkJoinPool.commonPool-worker-1] DEBUG FXGL                 - Loading FXGL system data
01:07:51.083 [ForkJoinPool.commonPool-worker-1] DEBUG DesktopFSService     - Reading from: system/fxgl.bundle
01:07:51.104 [ForkJoinPool.commonPool-worker-1] DEBUG Bundle               - Logging bundle: FXGL
01:07:51.107 [ForkJoinPool.commonPool-worker-1] DEBUG Bundle               - FXGL.offline.timer.version.check=2018-12-09T23:48:16.969
01:07:51.129 [ForkJoinPool.commonPool-worker-1] DEBUG FXGL                 - Initializing state machine and application states
01:07:51.136 [ForkJoinPool.commonPool-worker-1] DEBUG AssetLoader          - Loading from disk: /assets/ui/cursors/fxgl_default.png
01:07:51.162 [ForkJoinPool.commonPool-worker-1] DEBUG AssetLoader          - Loading from disk: /assets/ui/cursors/fxgl_default.png
01:07:51.181 [ForkJoinPool.commonPool-worker-1] DEBUG AssetLoader          - Loading from cache: /assets/ui/fonts/VarelaRound-Regular.ttf
01:07:51.200 [ForkJoinPool.commonPool-worker-1] DEBUG AssetLoader          - Loading from disk: /assets/ui/cursors/fxgl_default.png
01:07:51.206 [ForkJoinPool.commonPool-worker-1] DEBUG GameScene            - Game scene initialized: 800x600
01:07:51.217 [ForkJoinPool.commonPool-worker-1] DEBUG GameWorld            - Game world initialized
01:07:51.420 [ForkJoinPool.commonPool-worker-1] DEBUG PhysicsWorld         - Physics world initialized: appHeight=600, physics.ppm=50,0
01:07:51.468 [ForkJoinPool.commonPool-worker-1] DEBUG Input                - Registered new binding: Pause - Esc
01:07:51.656 [JavaFX Application Thread] DEBUG FXGL                 - Running preInit()
01:07:51.668 [JavaFX Application Thread] DEBUG Input                - Registered new binding: Screenshot - P
01:07:51.683 [JavaFX Application Thread] DEBUG Input                - Registered new binding: Dev Options - CTRL+0
01:07:51.685 [JavaFX Application Thread] DEBUG Input                - Registered new binding: System info dump - CTRL+9
01:07:51.686 [JavaFX Application Thread] DEBUG Input                - Registered new binding: Restart - CTRL+R
01:07:51.686 [JavaFX Application Thread] DEBUG Input                - Registered new binding: Move right - D
01:07:51.687 [JavaFX Application Thread] DEBUG Input                - Registered new binding: Move left - A
01:07:51.687 [JavaFX Application Thread] DEBUG Input                - Registered new binding: Launch ball - Space
01:07:51.688 [JavaFX Application Thread] DEBUG Input                - Registered new binding: New level - N
01:07:51.688 [JavaFX Application Thread] DEBUG Input                - Registered new binding: Testing - W
01:07:51.690 [JavaFX Application Thread] INFO  FXGL                 - FXGL initialization took: 1,937 sec
01:07:51.690 [JavaFX Application Thread] DEBUG LoopRunner           - Starting loop
01:07:51.708 [JavaFX Application Thread] DEBUG StartupState         - STARTUP
01:07:51.709 [JavaFX Application Thread] DEBUG GameApplication      - Starting new game
01:07:51.709 [JavaFX Application Thread] DEBUG Input                - Clearing active input actions
01:07:51.714 [JavaFX Application Thread] DEBUG AssetLoader          - Loading from disk: /assets/ui/css/fxgl_dark.css
01:07:51.727 [JavaFX Application Thread] DEBUG AppStateMachine      - StartupState -> LoadingState
01:07:51.740 [FXGL Background Thread 1 ] DEBUG InitAppTask          - Clearing previous game
01:07:51.740 [FXGL Background Thread 1 ] DEBUG GameWorld            - Clearing game world
01:07:51.741 [FXGL Background Thread 1 ] DEBUG PhysicsWorld         - Clearing physics world
01:07:51.741 [FXGL Background Thread 1 ] DEBUG GameScene            - Clearing game scene
01:07:51.744 [FXGL Background Thread 1 ] DEBUG InitAppTask          - Initializing Game
01:07:51.981 [FXGL Background Thread 1 ] DEBUG GameScene            - Creating render group for layer: BACKGROUND(1000)
01:07:52.081 [FXGL Background Thread 1 ] DEBUG GameScene            - Creating render group for layer: DEFAULT(100000)
01:07:52.082 [FXGL Background Thread 1 ] DEBUG InitAppTask          - Initializing Physics
01:07:52.083 [FXGL Background Thread 1 ] DEBUG InitAppTask          - Initializing UI
01:07:52.086 [FXGL Background Thread 1 ] DEBUG InitAppTask          - Initialization Complete
01:07:52.086 [FXGL Background Thread 1 ] INFO  InitAppTask          - Game initialization took: 0,346 sec
01:07:52.091 [JavaFX Application Thread] DEBUG Input                - Clearing active input actions
01:07:52.092 [JavaFX Application Thread] DEBUG AssetLoader          - Loading from disk: /assets/ui/css/fxgl_dark.css
01:07:52.115 [JavaFX Application Thread] DEBUG AppStateMachine      - LoadingState -> PlayState
01:07:59.165 [JavaFX Application Thread] DEBUG FXGL                 - Exiting FXGL
01:07:59.165 [JavaFX Application Thread] DEBUG FXGL                 - Shutting down background threads
01:07:59.166 [JavaFX Application Thread] DEBUG FXGL                 - Saving FXGL system data
01:07:59.169 [JavaFX Application Thread] DEBUG DesktopFSService     - Writing to: system/fxgl.bundle
01:07:59.175 [JavaFX Application Thread] DEBUG FXGL                 - Closing logger and exiting JavaFX
