01:02:15.173 [JavaFX Application Thread] DEBUG GameApplication      - Logger initialized
01:02:15.196 [JavaFX Application Thread] DEBUG GameApplication      - Logging settings
Title: Breakout
Version: 1.0
Width: 800
Height: 800
Fullscreen: false
Intro: false
Menus: false
Profiling: false
Single step:false
App Mode: DEVELOPER
Menu Key: ESCAPE
Stage Style: DECORATED
Scene Factory: class com.almasb.fxgl.scene.SceneFactory
Dialog Factory: class com.almasb.fxgl.ui.FXGLDialogFactory
UI Factory: class com.almasb.fxgl.ui.FXGLUIFactory
Notification Service: class com.almasb.fxgl.gameplay.notification.XboxNotificationView
Exception Handler: class com.almasb.fxgl.app.FXGLExceptionHandler
01:02:15.196 [JavaFX Application Thread] DEBUG GameApplication      - Starting FXGL
01:02:15.219 [JavaFX Application Thread] INFO  FXGL                 - FXGL-0.5.4 on DESKTOP
01:02:15.220 [JavaFX Application Thread] INFO  FXGL                 - Source code and latest versions at: https://github.com/AlmasB/FXGL
01:02:15.221 [JavaFX Application Thread] INFO  FXGL                 -              Join the FXGL chat at: https://gitter.im/AlmasB/FXGL
01:02:15.221 [JavaFX Application Thread] DEBUG FXGL                 - FXGL started
01:02:15.222 [JavaFX Application Thread] DEBUG FXGL                 - Initializing FXGL
01:02:15.347 [JavaFX Application Thread] DEBUG AssetLoader          - Loading from disk: /assets/ui/cursors/fxgl_default.png
01:02:15.597 [JavaFX Application Thread] DEBUG AssetLoader          - Loading from disk: /assets/ui/fonts/VarelaRound-Regular.ttf
01:02:15.720 [JavaFX Application Thread] DEBUG MainWindow           - Creating a JavaFX scene
01:02:15.721 [JavaFX Application Thread] DEBUG MainWindow           - Target size > screen size
01:02:15.814 [JavaFX Application Thread] DEBUG MainWindow           - Target settings size: 800.0 x 800.0
01:02:15.815 [JavaFX Application Thread] DEBUG MainWindow           - Scaled scene size:    716.0 x 741.0
01:02:15.815 [JavaFX Application Thread] DEBUG MainWindow           - Scaled ratio: (0.895, 0.92625)
01:02:15.823 [JavaFX Application Thread] DEBUG AssetLoader          - Loading from disk: /assets/ui/css/fxgl_dark.css
01:02:15.830 [JavaFX Application Thread] DEBUG AssetLoader          - Loading from disk: /assets/textures/fxgl_icon.png
01:02:15.864 [JavaFX Application Thread] DEBUG MainWindow           - Opening main window
01:02:16.252 [JavaFX Application Thread] DEBUG MainWindow           - Window border size: (0.0, 35.0)
01:02:16.253 [JavaFX Application Thread] DEBUG MainWindow           - Scaled size: 716.0 x 706.0
01:02:16.255 [JavaFX Application Thread] DEBUG MainWindow           - Scaled ratio: (0.895, 0.8825)
01:02:16.257 [JavaFX Application Thread] DEBUG MainWindow           - Scene size: 716.0 x 741.0
01:02:16.257 [JavaFX Application Thread] DEBUG MainWindow           - Stage size: 716.0 x 741.0
01:02:16.413 [ForkJoinPool.commonPool-worker-1] DEBUG FS                   - Loaded DesktopFSService
01:02:16.414 [ForkJoinPool.commonPool-worker-1] DEBUG FXGL                 - Loading FXGL system data
01:02:16.438 [ForkJoinPool.commonPool-worker-1] DEBUG DesktopFSService     - Reading from: system/fxgl.bundle
01:02:16.465 [ForkJoinPool.commonPool-worker-1] DEBUG Bundle               - Logging bundle: FXGL
01:02:16.474 [ForkJoinPool.commonPool-worker-1] DEBUG Bundle               - FXGL.offline.timer.version.check=2018-12-09T23:48:16.969
01:02:16.485 [ForkJoinPool.commonPool-worker-1] DEBUG FXGL                 - Initializing state machine and application states
01:02:16.493 [ForkJoinPool.commonPool-worker-1] DEBUG AssetLoader          - Loading from disk: /assets/ui/cursors/fxgl_default.png
01:02:16.515 [ForkJoinPool.commonPool-worker-1] DEBUG AssetLoader          - Loading from disk: /assets/ui/cursors/fxgl_default.png
01:02:16.537 [ForkJoinPool.commonPool-worker-1] DEBUG AssetLoader          - Loading from cache: /assets/ui/fonts/VarelaRound-Regular.ttf
01:02:16.559 [ForkJoinPool.commonPool-worker-1] DEBUG AssetLoader          - Loading from disk: /assets/ui/cursors/fxgl_default.png
01:02:16.581 [ForkJoinPool.commonPool-worker-1] DEBUG GameScene            - Game scene initialized: 800x800
01:02:16.604 [ForkJoinPool.commonPool-worker-1] DEBUG GameWorld            - Game world initialized
01:02:16.815 [ForkJoinPool.commonPool-worker-1] DEBUG PhysicsWorld         - Physics world initialized: appHeight=800, physics.ppm=50,0
01:02:16.846 [ForkJoinPool.commonPool-worker-1] DEBUG Input                - Registered new binding: Pause - Esc
01:02:16.931 [JavaFX Application Thread] DEBUG FXGL                 - Running preInit()
01:02:16.934 [JavaFX Application Thread] DEBUG Input                - Registered new binding: Screenshot - P
01:02:16.935 [JavaFX Application Thread] DEBUG Input                - Registered new binding: Dev Options - CTRL+0
01:02:16.936 [JavaFX Application Thread] DEBUG Input                - Registered new binding: System info dump - CTRL+9
01:02:16.936 [JavaFX Application Thread] DEBUG Input                - Registered new binding: Restart - CTRL+R
01:02:16.937 [JavaFX Application Thread] DEBUG Input                - Registered new binding: Move right - D
01:02:16.937 [JavaFX Application Thread] DEBUG Input                - Registered new binding: Move left - A
01:02:16.939 [JavaFX Application Thread] INFO  FXGL                 - FXGL initialization took: 1,716 sec
01:02:16.939 [JavaFX Application Thread] DEBUG LoopRunner           - Starting loop
01:02:16.950 [JavaFX Application Thread] DEBUG StartupState         - STARTUP
01:02:16.950 [JavaFX Application Thread] DEBUG GameApplication      - Starting new game
01:02:16.951 [JavaFX Application Thread] DEBUG Input                - Clearing active input actions
01:02:16.952 [JavaFX Application Thread] DEBUG AssetLoader          - Loading from disk: /assets/ui/css/fxgl_dark.css
01:02:16.966 [JavaFX Application Thread] DEBUG AppStateMachine      - StartupState -> LoadingState
01:02:16.976 [FXGL Background Thread 1 ] DEBUG InitAppTask          - Clearing previous game
01:02:16.988 [FXGL Background Thread 1 ] DEBUG GameWorld            - Clearing game world
01:02:16.988 [FXGL Background Thread 1 ] DEBUG PhysicsWorld         - Clearing physics world
01:02:16.988 [FXGL Background Thread 1 ] DEBUG GameScene            - Clearing game scene
01:02:16.991 [FXGL Background Thread 1 ] DEBUG InitAppTask          - Initializing Game
01:02:17.134 [FXGL Background Thread 1 ] DEBUG GameScene            - Creating render group for layer: BACKGROUND(1000)
01:02:17.137 [FXGL Background Thread 1 ] DEBUG GameScene            - Creating render group for layer: DEFAULT(100000)
01:02:17.225 [FXGL Background Thread 1 ] DEBUG InitAppTask          - Initializing Physics
01:02:17.226 [FXGL Background Thread 1 ] DEBUG InitAppTask          - Initializing UI
01:02:17.226 [FXGL Background Thread 1 ] DEBUG InitAppTask          - Initialization Complete
01:02:17.226 [FXGL Background Thread 1 ] INFO  InitAppTask          - Game initialization took: 0,250 sec
01:02:17.233 [JavaFX Application Thread] DEBUG Input                - Clearing active input actions
01:02:17.233 [JavaFX Application Thread] DEBUG AssetLoader          - Loading from disk: /assets/ui/css/fxgl_dark.css
01:02:17.246 [JavaFX Application Thread] DEBUG AppStateMachine      - LoadingState -> PlayState
01:02:20.026 [JavaFX Application Thread] DEBUG FXGL                 - Exiting FXGL
01:02:20.026 [JavaFX Application Thread] DEBUG FXGL                 - Shutting down background threads
01:02:20.026 [JavaFX Application Thread] DEBUG FXGL                 - Saving FXGL system data
01:02:20.029 [JavaFX Application Thread] DEBUG DesktopFSService     - Writing to: system/fxgl.bundle
01:02:20.034 [JavaFX Application Thread] DEBUG FXGL                 - Closing logger and exiting JavaFX
