00:55:44.104 [JavaFX Application Thread] DEBUG GameApplication      - Logger initialized
00:55:44.136 [JavaFX Application Thread] DEBUG GameApplication      - Logging settings
Title: Breakout
Version: 1.0
Width: 800
Height: 800
Fullscreen: false
Intro: false
Menus: false
Profiling: false
Single step:false
App Mode: DEVELOPER
Menu Key: ESCAPE
Stage Style: DECORATED
Scene Factory: class com.almasb.fxgl.scene.SceneFactory
Dialog Factory: class com.almasb.fxgl.ui.FXGLDialogFactory
UI Factory: class com.almasb.fxgl.ui.FXGLUIFactory
Notification Service: class com.almasb.fxgl.gameplay.notification.XboxNotificationView
Exception Handler: class com.almasb.fxgl.app.FXGLExceptionHandler
00:55:44.136 [JavaFX Application Thread] DEBUG GameApplication      - Starting FXGL
00:55:44.158 [JavaFX Application Thread] INFO  FXGL                 - FXGL-0.5.4 on DESKTOP
00:55:44.159 [JavaFX Application Thread] INFO  FXGL                 - Source code and latest versions at: https://github.com/AlmasB/FXGL
00:55:44.159 [JavaFX Application Thread] INFO  FXGL                 -              Join the FXGL chat at: https://gitter.im/AlmasB/FXGL
00:55:44.160 [JavaFX Application Thread] DEBUG FXGL                 - FXGL started
00:55:44.160 [JavaFX Application Thread] DEBUG FXGL                 - Initializing FXGL
00:55:44.258 [JavaFX Application Thread] DEBUG AssetLoader          - Loading from disk: /assets/ui/cursors/fxgl_default.png
00:55:44.494 [JavaFX Application Thread] DEBUG AssetLoader          - Loading from disk: /assets/ui/fonts/VarelaRound-Regular.ttf
00:55:44.632 [JavaFX Application Thread] DEBUG MainWindow           - Creating a JavaFX scene
00:55:44.633 [JavaFX Application Thread] DEBUG MainWindow           - Target size > screen size
00:55:44.720 [JavaFX Application Thread] DEBUG MainWindow           - Target settings size: 800.0 x 800.0
00:55:44.722 [JavaFX Application Thread] DEBUG MainWindow           - Scaled scene size:    716.0 x 741.0
00:55:44.722 [JavaFX Application Thread] DEBUG MainWindow           - Scaled ratio: (0.895, 0.92625)
00:55:44.730 [JavaFX Application Thread] DEBUG AssetLoader          - Loading from disk: /assets/ui/css/fxgl_dark.css
00:55:44.737 [JavaFX Application Thread] DEBUG AssetLoader          - Loading from disk: /assets/textures/fxgl_icon.png
00:55:44.770 [JavaFX Application Thread] DEBUG MainWindow           - Opening main window
00:55:45.192 [JavaFX Application Thread] DEBUG MainWindow           - Window border size: (0.0, 35.0)
00:55:45.193 [JavaFX Application Thread] DEBUG MainWindow           - Scaled size: 716.0 x 706.0
00:55:45.193 [JavaFX Application Thread] DEBUG MainWindow           - Scaled ratio: (0.895, 0.8825)
00:55:45.194 [JavaFX Application Thread] DEBUG MainWindow           - Scene size: 716.0 x 741.0
00:55:45.194 [JavaFX Application Thread] DEBUG MainWindow           - Stage size: 716.0 x 741.0
00:55:45.377 [ForkJoinPool.commonPool-worker-1] DEBUG FS                   - Loaded DesktopFSService
00:55:45.380 [ForkJoinPool.commonPool-worker-1] DEBUG FXGL                 - Loading FXGL system data
00:55:45.402 [ForkJoinPool.commonPool-worker-1] DEBUG DesktopFSService     - Reading from: system/fxgl.bundle
00:55:45.446 [ForkJoinPool.commonPool-worker-1] DEBUG Bundle               - Logging bundle: FXGL
00:55:45.452 [ForkJoinPool.commonPool-worker-1] DEBUG Bundle               - FXGL.offline.timer.version.check=2018-12-09T23:48:16.969
00:55:45.460 [ForkJoinPool.commonPool-worker-1] DEBUG FXGL                 - Initializing state machine and application states
00:55:45.463 [ForkJoinPool.commonPool-worker-1] DEBUG AssetLoader          - Loading from disk: /assets/ui/cursors/fxgl_default.png
00:55:45.476 [ForkJoinPool.commonPool-worker-1] DEBUG AssetLoader          - Loading from disk: /assets/ui/cursors/fxgl_default.png
00:55:45.520 [ForkJoinPool.commonPool-worker-1] DEBUG AssetLoader          - Loading from cache: /assets/ui/fonts/VarelaRound-Regular.ttf
00:55:45.527 [ForkJoinPool.commonPool-worker-1] DEBUG AssetLoader          - Loading from disk: /assets/ui/cursors/fxgl_default.png
00:55:45.547 [ForkJoinPool.commonPool-worker-1] DEBUG GameScene            - Game scene initialized: 800x800
00:55:45.568 [ForkJoinPool.commonPool-worker-1] DEBUG GameWorld            - Game world initialized
00:55:45.714 [ForkJoinPool.commonPool-worker-1] DEBUG PhysicsWorld         - Physics world initialized: appHeight=800, physics.ppm=50,0
00:55:45.748 [ForkJoinPool.commonPool-worker-1] DEBUG Input                - Registered new binding: Pause - Esc
00:55:45.826 [JavaFX Application Thread] DEBUG FXGL                 - Running preInit()
00:55:45.829 [JavaFX Application Thread] DEBUG Input                - Registered new binding: Screenshot - P
00:55:45.830 [JavaFX Application Thread] DEBUG Input                - Registered new binding: Dev Options - CTRL+0
00:55:45.831 [JavaFX Application Thread] DEBUG Input                - Registered new binding: System info dump - CTRL+9
00:55:45.833 [JavaFX Application Thread] DEBUG Input                - Registered new binding: Restart - CTRL+R
00:55:45.833 [JavaFX Application Thread] DEBUG Input                - Registered new binding: Move right - D
00:55:45.833 [JavaFX Application Thread] DEBUG Input                - Registered new binding: Move left - A
00:55:45.835 [JavaFX Application Thread] INFO  FXGL                 - FXGL initialization took: 1,674 sec
00:55:45.835 [JavaFX Application Thread] DEBUG LoopRunner           - Starting loop
00:55:45.840 [JavaFX Application Thread] DEBUG StartupState         - STARTUP
00:55:45.841 [JavaFX Application Thread] DEBUG GameApplication      - Starting new game
00:55:45.841 [JavaFX Application Thread] DEBUG Input                - Clearing active input actions
00:55:45.846 [JavaFX Application Thread] DEBUG AssetLoader          - Loading from disk: /assets/ui/css/fxgl_dark.css
00:55:45.866 [JavaFX Application Thread] DEBUG AppStateMachine      - StartupState -> LoadingState
00:55:45.878 [FXGL Background Thread 1 ] DEBUG InitAppTask          - Clearing previous game
00:55:45.878 [FXGL Background Thread 1 ] DEBUG GameWorld            - Clearing game world
00:55:45.878 [FXGL Background Thread 1 ] DEBUG PhysicsWorld         - Clearing physics world
00:55:45.879 [FXGL Background Thread 1 ] DEBUG GameScene            - Clearing game scene
00:55:45.881 [FXGL Background Thread 1 ] DEBUG InitAppTask          - Initializing Game
00:55:46.046 [FXGL Background Thread 1 ] DEBUG GameScene            - Creating render group for layer: BACKGROUND(1000)
00:55:46.049 [FXGL Background Thread 1 ] DEBUG GameScene            - Creating render group for layer: DEFAULT(100000)
00:55:46.123 [FXGL Background Thread 1 ] DEBUG InitAppTask          - Initializing Physics
00:55:46.124 [FXGL Background Thread 1 ] DEBUG InitAppTask          - Initializing UI
00:55:46.124 [FXGL Background Thread 1 ] DEBUG InitAppTask          - Initialization Complete
00:55:46.125 [FXGL Background Thread 1 ] INFO  InitAppTask          - Game initialization took: 0,247 sec
00:55:46.135 [JavaFX Application Thread] DEBUG Input                - Clearing active input actions
00:55:46.135 [JavaFX Application Thread] DEBUG AssetLoader          - Loading from disk: /assets/ui/css/fxgl_dark.css
00:55:46.143 [JavaFX Application Thread] DEBUG AppStateMachine      - LoadingState -> PlayState
00:55:53.098 [JavaFX Application Thread] DEBUG FXGL                 - Exiting FXGL
00:55:53.099 [JavaFX Application Thread] DEBUG FXGL                 - Shutting down background threads
00:55:53.100 [JavaFX Application Thread] DEBUG FXGL                 - Saving FXGL system data
00:55:53.104 [JavaFX Application Thread] DEBUG DesktopFSService     - Writing to: system/fxgl.bundle
00:55:53.108 [JavaFX Application Thread] DEBUG FXGL                 - Closing logger and exiting JavaFX
