00:57:40.440 [JavaFX Application Thread] DEBUG GameApplication      - Logger initialized
00:57:40.468 [JavaFX Application Thread] DEBUG GameApplication      - Logging settings
Title: Breakout
Version: 1.0
Width: 400
Height: 400
Fullscreen: false
Intro: false
Menus: false
Profiling: false
Single step:false
App Mode: DEVELOPER
Menu Key: ESCAPE
Stage Style: DECORATED
Scene Factory: class com.almasb.fxgl.scene.SceneFactory
Dialog Factory: class com.almasb.fxgl.ui.FXGLDialogFactory
UI Factory: class com.almasb.fxgl.ui.FXGLUIFactory
Notification Service: class com.almasb.fxgl.gameplay.notification.XboxNotificationView
Exception Handler: class com.almasb.fxgl.app.FXGLExceptionHandler
00:57:40.468 [JavaFX Application Thread] DEBUG GameApplication      - Starting FXGL
00:57:40.494 [JavaFX Application Thread] INFO  FXGL                 - FXGL-0.5.4 on DESKTOP
00:57:40.502 [JavaFX Application Thread] INFO  FXGL                 - Source code and latest versions at: https://github.com/AlmasB/FXGL
00:57:40.502 [JavaFX Application Thread] INFO  FXGL                 -              Join the FXGL chat at: https://gitter.im/AlmasB/FXGL
00:57:40.503 [JavaFX Application Thread] DEBUG FXGL                 - FXGL started
00:57:40.503 [JavaFX Application Thread] DEBUG FXGL                 - Initializing FXGL
00:57:40.593 [JavaFX Application Thread] DEBUG AssetLoader          - Loading from disk: /assets/ui/cursors/fxgl_default.png
00:57:40.859 [JavaFX Application Thread] DEBUG AssetLoader          - Loading from disk: /assets/ui/fonts/VarelaRound-Regular.ttf
00:57:41.013 [JavaFX Application Thread] DEBUG MainWindow           - Creating a JavaFX scene
00:57:41.121 [JavaFX Application Thread] DEBUG MainWindow           - Target settings size: 400.0 x 400.0
00:57:41.121 [JavaFX Application Thread] DEBUG MainWindow           - Scaled scene size:    400.0 x 400.0
00:57:41.122 [JavaFX Application Thread] DEBUG MainWindow           - Scaled ratio: (1.0, 1.0)
00:57:41.129 [JavaFX Application Thread] DEBUG AssetLoader          - Loading from disk: /assets/ui/css/fxgl_dark.css
00:57:41.137 [JavaFX Application Thread] DEBUG AssetLoader          - Loading from disk: /assets/textures/fxgl_icon.png
00:57:41.187 [JavaFX Application Thread] DEBUG MainWindow           - Opening main window
00:57:41.707 [JavaFX Application Thread] DEBUG MainWindow           - Window border size: (0.0, 35.0)
00:57:41.713 [JavaFX Application Thread] DEBUG MainWindow           - Scaled size: 400.0 x 365.0
00:57:41.715 [JavaFX Application Thread] DEBUG MainWindow           - Scaled ratio: (1.0, 0.9125)
00:57:41.718 [JavaFX Application Thread] DEBUG MainWindow           - Scene size: 400.0 x 400.0
00:57:41.718 [JavaFX Application Thread] DEBUG MainWindow           - Stage size: 400.0 x 400.0
00:57:41.904 [ForkJoinPool.commonPool-worker-1] DEBUG FS                   - Loaded DesktopFSService
00:57:41.905 [ForkJoinPool.commonPool-worker-1] DEBUG FXGL                 - Loading FXGL system data
00:57:41.921 [ForkJoinPool.commonPool-worker-1] DEBUG DesktopFSService     - Reading from: system/fxgl.bundle
00:57:41.949 [ForkJoinPool.commonPool-worker-1] DEBUG Bundle               - Logging bundle: FXGL
00:57:41.951 [ForkJoinPool.commonPool-worker-1] DEBUG Bundle               - FXGL.offline.timer.version.check=2018-12-09T23:48:16.969
00:57:41.952 [ForkJoinPool.commonPool-worker-1] DEBUG FXGL                 - Initializing state machine and application states
00:57:41.959 [ForkJoinPool.commonPool-worker-1] DEBUG AssetLoader          - Loading from disk: /assets/ui/cursors/fxgl_default.png
00:57:41.976 [ForkJoinPool.commonPool-worker-1] DEBUG AssetLoader          - Loading from disk: /assets/ui/cursors/fxgl_default.png
00:57:42.004 [ForkJoinPool.commonPool-worker-1] DEBUG AssetLoader          - Loading from cache: /assets/ui/fonts/VarelaRound-Regular.ttf
00:57:42.015 [ForkJoinPool.commonPool-worker-1] DEBUG AssetLoader          - Loading from disk: /assets/ui/cursors/fxgl_default.png
00:57:42.043 [ForkJoinPool.commonPool-worker-1] DEBUG GameScene            - Game scene initialized: 400x400
00:57:42.098 [ForkJoinPool.commonPool-worker-1] DEBUG GameWorld            - Game world initialized
00:57:42.353 [ForkJoinPool.commonPool-worker-1] DEBUG PhysicsWorld         - Physics world initialized: appHeight=400, physics.ppm=50,0
00:57:42.439 [ForkJoinPool.commonPool-worker-1] DEBUG Input                - Registered new binding: Pause - Esc
00:57:42.586 [JavaFX Application Thread] DEBUG FXGL                 - Running preInit()
00:57:42.591 [JavaFX Application Thread] DEBUG Input                - Registered new binding: Screenshot - P
00:57:42.592 [JavaFX Application Thread] DEBUG Input                - Registered new binding: Dev Options - CTRL+0
00:57:42.593 [JavaFX Application Thread] DEBUG Input                - Registered new binding: System info dump - CTRL+9
00:57:42.595 [JavaFX Application Thread] DEBUG Input                - Registered new binding: Restart - CTRL+R
00:57:42.596 [JavaFX Application Thread] DEBUG Input                - Registered new binding: Move right - D
00:57:42.601 [JavaFX Application Thread] DEBUG Input                - Registered new binding: Move left - A
00:57:42.603 [JavaFX Application Thread] DEBUG Input                - Registered new binding: Launch ball - Space
00:57:42.603 [JavaFX Application Thread] DEBUG Input                - Registered new binding: New level - N
00:57:42.604 [JavaFX Application Thread] DEBUG Input                - Registered new binding: Testing - W
00:57:42.606 [JavaFX Application Thread] INFO  FXGL                 - FXGL initialization took: 2,102 sec
00:57:42.606 [JavaFX Application Thread] DEBUG LoopRunner           - Starting loop
00:57:42.611 [JavaFX Application Thread] DEBUG StartupState         - STARTUP
00:57:42.612 [JavaFX Application Thread] DEBUG GameApplication      - Starting new game
00:57:42.612 [JavaFX Application Thread] DEBUG Input                - Clearing active input actions
00:57:42.621 [JavaFX Application Thread] DEBUG AssetLoader          - Loading from disk: /assets/ui/css/fxgl_dark.css
00:57:42.652 [JavaFX Application Thread] DEBUG AppStateMachine      - StartupState -> LoadingState
00:57:42.690 [FXGL Background Thread 1 ] DEBUG InitAppTask          - Clearing previous game
00:57:42.691 [FXGL Background Thread 1 ] DEBUG GameWorld            - Clearing game world
00:57:42.691 [FXGL Background Thread 1 ] DEBUG PhysicsWorld         - Clearing physics world
00:57:42.691 [FXGL Background Thread 1 ] DEBUG GameScene            - Clearing game scene
00:57:42.700 [FXGL Background Thread 1 ] DEBUG InitAppTask          - Initializing Game
00:57:43.012 [FXGL Background Thread 1 ] DEBUG GameScene            - Creating render group for layer: BACKGROUND(1000)
00:57:43.155 [FXGL Background Thread 1 ] DEBUG GameScene            - Creating render group for layer: DEFAULT(100000)
00:57:43.155 [FXGL Background Thread 1 ] DEBUG InitAppTask          - Initializing Physics
00:57:43.157 [FXGL Background Thread 1 ] DEBUG InitAppTask          - Initializing UI
00:57:43.160 [FXGL Background Thread 1 ] DEBUG InitAppTask          - Initialization Complete
00:57:43.161 [FXGL Background Thread 1 ] INFO  InitAppTask          - Game initialization took: 0,471 sec
00:57:43.170 [JavaFX Application Thread] DEBUG Input                - Clearing active input actions
00:57:43.171 [JavaFX Application Thread] DEBUG AssetLoader          - Loading from disk: /assets/ui/css/fxgl_dark.css
00:57:43.219 [JavaFX Application Thread] DEBUG AppStateMachine      - LoadingState -> PlayState
01:04:28.092 [JavaFX Application Thread] DEBUG FXGL                 - Exiting FXGL
01:04:28.092 [JavaFX Application Thread] DEBUG FXGL                 - Shutting down background threads
01:04:28.093 [JavaFX Application Thread] DEBUG FXGL                 - Saving FXGL system data
01:04:28.102 [JavaFX Application Thread] DEBUG DesktopFSService     - Writing to: system/fxgl.bundle
01:04:28.112 [JavaFX Application Thread] DEBUG FXGL                 - Closing logger and exiting JavaFX
