01:00:26.759 [JavaFX Application Thread] DEBUG GameApplication      - Logger initialized
01:00:26.790 [JavaFX Application Thread] DEBUG GameApplication      - Logging settings
Title: Breakout
Version: 1.0
Width: 400
Height: 400
Fullscreen: false
Intro: false
Menus: false
Profiling: false
Single step:false
App Mode: DEVELOPER
Menu Key: ESCAPE
Stage Style: DECORATED
Scene Factory: class com.almasb.fxgl.scene.SceneFactory
Dialog Factory: class com.almasb.fxgl.ui.FXGLDialogFactory
UI Factory: class com.almasb.fxgl.ui.FXGLUIFactory
Notification Service: class com.almasb.fxgl.gameplay.notification.XboxNotificationView
Exception Handler: class com.almasb.fxgl.app.FXGLExceptionHandler
01:00:26.791 [JavaFX Application Thread] DEBUG GameApplication      - Starting FXGL
01:00:26.813 [JavaFX Application Thread] INFO  FXGL                 - FXGL-0.5.4 on DESKTOP
01:00:26.814 [JavaFX Application Thread] INFO  FXGL                 - Source code and latest versions at: https://github.com/AlmasB/FXGL
01:00:26.814 [JavaFX Application Thread] INFO  FXGL                 -              Join the FXGL chat at: https://gitter.im/AlmasB/FXGL
01:00:26.816 [JavaFX Application Thread] DEBUG FXGL                 - FXGL started
01:00:26.817 [JavaFX Application Thread] DEBUG FXGL                 - Initializing FXGL
01:00:26.921 [JavaFX Application Thread] DEBUG AssetLoader          - Loading from disk: /assets/ui/cursors/fxgl_default.png
01:00:27.198 [JavaFX Application Thread] DEBUG AssetLoader          - Loading from disk: /assets/ui/fonts/VarelaRound-Regular.ttf
01:00:27.345 [JavaFX Application Thread] DEBUG MainWindow           - Creating a JavaFX scene
01:00:27.427 [JavaFX Application Thread] DEBUG MainWindow           - Target settings size: 400.0 x 400.0
01:00:27.428 [JavaFX Application Thread] DEBUG MainWindow           - Scaled scene size:    400.0 x 400.0
01:00:27.428 [JavaFX Application Thread] DEBUG MainWindow           - Scaled ratio: (1.0, 1.0)
01:00:27.435 [JavaFX Application Thread] DEBUG AssetLoader          - Loading from disk: /assets/ui/css/fxgl_dark.css
01:00:27.444 [JavaFX Application Thread] DEBUG AssetLoader          - Loading from disk: /assets/textures/fxgl_icon.png
01:00:27.477 [JavaFX Application Thread] DEBUG MainWindow           - Opening main window
01:00:27.916 [JavaFX Application Thread] DEBUG MainWindow           - Window border size: (0.0, 35.0)
01:00:27.923 [JavaFX Application Thread] DEBUG MainWindow           - Scaled size: 400.0 x 365.0
01:00:27.925 [JavaFX Application Thread] DEBUG MainWindow           - Scaled ratio: (1.0, 0.9125)
01:00:27.932 [JavaFX Application Thread] DEBUG MainWindow           - Scene size: 400.0 x 400.0
01:00:27.933 [JavaFX Application Thread] DEBUG MainWindow           - Stage size: 400.0 x 400.0
01:00:28.106 [ForkJoinPool.commonPool-worker-1] DEBUG FS                   - Loaded DesktopFSService
01:00:28.107 [ForkJoinPool.commonPool-worker-1] DEBUG FXGL                 - Loading FXGL system data
01:00:28.118 [ForkJoinPool.commonPool-worker-1] DEBUG DesktopFSService     - Reading from: system/fxgl.bundle
01:00:28.158 [ForkJoinPool.commonPool-worker-1] DEBUG Bundle               - Logging bundle: FXGL
01:00:28.160 [ForkJoinPool.commonPool-worker-1] DEBUG Bundle               - FXGL.offline.timer.version.check=2018-12-09T23:48:16.969
01:00:28.174 [ForkJoinPool.commonPool-worker-1] DEBUG FXGL                 - Initializing state machine and application states
01:00:28.177 [ForkJoinPool.commonPool-worker-1] DEBUG AssetLoader          - Loading from disk: /assets/ui/cursors/fxgl_default.png
01:00:28.190 [ForkJoinPool.commonPool-worker-1] DEBUG AssetLoader          - Loading from disk: /assets/ui/cursors/fxgl_default.png
01:00:28.199 [ForkJoinPool.commonPool-worker-1] DEBUG AssetLoader          - Loading from cache: /assets/ui/fonts/VarelaRound-Regular.ttf
01:00:28.202 [ForkJoinPool.commonPool-worker-1] DEBUG AssetLoader          - Loading from disk: /assets/ui/cursors/fxgl_default.png
01:00:28.206 [ForkJoinPool.commonPool-worker-1] DEBUG GameScene            - Game scene initialized: 400x400
01:00:28.214 [ForkJoinPool.commonPool-worker-1] DEBUG GameWorld            - Game world initialized
01:00:28.330 [ForkJoinPool.commonPool-worker-1] DEBUG PhysicsWorld         - Physics world initialized: appHeight=400, physics.ppm=50,0
01:00:28.357 [ForkJoinPool.commonPool-worker-1] DEBUG Input                - Registered new binding: Pause - Esc
01:00:28.442 [JavaFX Application Thread] DEBUG FXGL                 - Running preInit()
01:00:28.445 [JavaFX Application Thread] DEBUG Input                - Registered new binding: Screenshot - P
01:00:28.446 [JavaFX Application Thread] DEBUG Input                - Registered new binding: Dev Options - CTRL+0
01:00:28.446 [JavaFX Application Thread] DEBUG Input                - Registered new binding: System info dump - CTRL+9
01:00:28.447 [JavaFX Application Thread] DEBUG Input                - Registered new binding: Restart - CTRL+R
01:00:28.447 [JavaFX Application Thread] DEBUG Input                - Registered new binding: Move right - D
01:00:28.448 [JavaFX Application Thread] DEBUG Input                - Registered new binding: Move left - A
01:00:28.448 [JavaFX Application Thread] DEBUG Input                - Registered new binding: Launch ball - Space
01:00:28.448 [JavaFX Application Thread] DEBUG Input                - Registered new binding: New level - N
01:00:28.448 [JavaFX Application Thread] DEBUG Input                - Registered new binding: Testing - W
01:00:28.450 [JavaFX Application Thread] INFO  FXGL                 - FXGL initialization took: 1,632 sec
01:00:28.450 [JavaFX Application Thread] DEBUG LoopRunner           - Starting loop
01:00:28.453 [JavaFX Application Thread] DEBUG StartupState         - STARTUP
01:00:28.453 [JavaFX Application Thread] DEBUG GameApplication      - Starting new game
01:00:28.454 [JavaFX Application Thread] DEBUG Input                - Clearing active input actions
01:00:28.455 [JavaFX Application Thread] DEBUG AssetLoader          - Loading from disk: /assets/ui/css/fxgl_dark.css
01:00:28.468 [JavaFX Application Thread] DEBUG AppStateMachine      - StartupState -> LoadingState
01:00:28.475 [FXGL Background Thread 1 ] DEBUG InitAppTask          - Clearing previous game
01:00:28.476 [FXGL Background Thread 1 ] DEBUG GameWorld            - Clearing game world
01:00:28.476 [FXGL Background Thread 1 ] DEBUG PhysicsWorld         - Clearing physics world
01:00:28.476 [FXGL Background Thread 1 ] DEBUG GameScene            - Clearing game scene
01:00:28.479 [FXGL Background Thread 1 ] DEBUG InitAppTask          - Initializing Game
01:00:28.607 [FXGL Background Thread 1 ] DEBUG GameScene            - Creating render group for layer: BACKGROUND(1000)
01:00:28.677 [FXGL Background Thread 1 ] DEBUG GameScene            - Creating render group for layer: DEFAULT(100000)
01:00:28.678 [FXGL Background Thread 1 ] DEBUG InitAppTask          - Initializing Physics
01:00:28.679 [FXGL Background Thread 1 ] DEBUG InitAppTask          - Initializing UI
01:00:28.681 [FXGL Background Thread 1 ] DEBUG InitAppTask          - Initialization Complete
01:00:28.681 [FXGL Background Thread 1 ] INFO  InitAppTask          - Game initialization took: 0,206 sec
01:00:28.686 [JavaFX Application Thread] DEBUG Input                - Clearing active input actions
01:00:28.687 [JavaFX Application Thread] DEBUG AssetLoader          - Loading from disk: /assets/ui/css/fxgl_dark.css
01:00:28.699 [JavaFX Application Thread] DEBUG AppStateMachine      - LoadingState -> PlayState
01:00:31.971 [JavaFX Application Thread] DEBUG FXGL                 - Exiting FXGL
01:00:31.971 [JavaFX Application Thread] DEBUG FXGL                 - Shutting down background threads
01:00:31.972 [JavaFX Application Thread] DEBUG FXGL                 - Saving FXGL system data
01:00:31.975 [JavaFX Application Thread] DEBUG DesktopFSService     - Writing to: system/fxgl.bundle
01:00:31.980 [JavaFX Application Thread] DEBUG FXGL                 - Closing logger and exiting JavaFX
