01:04:29.289 [JavaFX Application Thread] DEBUG GameApplication      - Logger initialized
01:04:29.314 [JavaFX Application Thread] DEBUG GameApplication      - Logging settings
Title: Breakout
Version: 1.0
Width: 400
Height: 400
Fullscreen: false
Intro: false
Menus: false
Profiling: false
Single step:false
App Mode: DEVELOPER
Menu Key: ESCAPE
Stage Style: DECORATED
Scene Factory: class com.almasb.fxgl.scene.SceneFactory
Dialog Factory: class com.almasb.fxgl.ui.FXGLDialogFactory
UI Factory: class com.almasb.fxgl.ui.FXGLUIFactory
Notification Service: class com.almasb.fxgl.gameplay.notification.XboxNotificationView
Exception Handler: class com.almasb.fxgl.app.FXGLExceptionHandler
01:04:29.314 [JavaFX Application Thread] DEBUG GameApplication      - Starting FXGL
01:04:29.346 [JavaFX Application Thread] INFO  FXGL                 - FXGL-0.5.4 on DESKTOP
01:04:29.347 [JavaFX Application Thread] INFO  FXGL                 - Source code and latest versions at: https://github.com/AlmasB/FXGL
01:04:29.347 [JavaFX Application Thread] INFO  FXGL                 -              Join the FXGL chat at: https://gitter.im/AlmasB/FXGL
01:04:29.348 [JavaFX Application Thread] DEBUG FXGL                 - FXGL started
01:04:29.348 [JavaFX Application Thread] DEBUG FXGL                 - Initializing FXGL
01:04:29.533 [JavaFX Application Thread] DEBUG AssetLoader          - Loading from disk: /assets/ui/cursors/fxgl_default.png
01:04:29.856 [JavaFX Application Thread] DEBUG AssetLoader          - Loading from disk: /assets/ui/fonts/VarelaRound-Regular.ttf
01:04:30.090 [JavaFX Application Thread] DEBUG MainWindow           - Creating a JavaFX scene
01:04:30.276 [JavaFX Application Thread] DEBUG MainWindow           - Target settings size: 400.0 x 400.0
01:04:30.277 [JavaFX Application Thread] DEBUG MainWindow           - Scaled scene size:    400.0 x 400.0
01:04:30.277 [JavaFX Application Thread] DEBUG MainWindow           - Scaled ratio: (1.0, 1.0)
01:04:30.306 [JavaFX Application Thread] DEBUG AssetLoader          - Loading from disk: /assets/ui/css/fxgl_dark.css
01:04:30.319 [JavaFX Application Thread] DEBUG AssetLoader          - Loading from disk: /assets/textures/fxgl_icon.png
01:04:30.397 [JavaFX Application Thread] DEBUG MainWindow           - Opening main window
01:04:30.898 [JavaFX Application Thread] DEBUG MainWindow           - Window border size: (0.0, 35.0)
01:04:30.899 [JavaFX Application Thread] DEBUG MainWindow           - Scaled size: 400.0 x 365.0
01:04:30.899 [JavaFX Application Thread] DEBUG MainWindow           - Scaled ratio: (1.0, 0.9125)
01:04:30.900 [JavaFX Application Thread] DEBUG MainWindow           - Scene size: 400.0 x 400.0
01:04:30.900 [JavaFX Application Thread] DEBUG MainWindow           - Stage size: 400.0 x 400.0
01:04:30.988 [ForkJoinPool.commonPool-worker-1] DEBUG FS                   - Loaded DesktopFSService
01:04:30.988 [ForkJoinPool.commonPool-worker-1] DEBUG FXGL                 - Loading FXGL system data
01:04:30.998 [ForkJoinPool.commonPool-worker-1] DEBUG DesktopFSService     - Reading from: system/fxgl.bundle
01:04:31.035 [ForkJoinPool.commonPool-worker-1] DEBUG Bundle               - Logging bundle: FXGL
01:04:31.037 [ForkJoinPool.commonPool-worker-1] DEBUG Bundle               - FXGL.offline.timer.version.check=2018-12-09T23:48:16.969
01:04:31.050 [ForkJoinPool.commonPool-worker-1] DEBUG FXGL                 - Initializing state machine and application states
01:04:31.054 [ForkJoinPool.commonPool-worker-1] DEBUG AssetLoader          - Loading from disk: /assets/ui/cursors/fxgl_default.png
01:04:31.071 [ForkJoinPool.commonPool-worker-1] DEBUG AssetLoader          - Loading from disk: /assets/ui/cursors/fxgl_default.png
01:04:31.089 [ForkJoinPool.commonPool-worker-1] DEBUG AssetLoader          - Loading from cache: /assets/ui/fonts/VarelaRound-Regular.ttf
01:04:31.095 [ForkJoinPool.commonPool-worker-1] DEBUG AssetLoader          - Loading from disk: /assets/ui/cursors/fxgl_default.png
01:04:31.101 [ForkJoinPool.commonPool-worker-1] DEBUG GameScene            - Game scene initialized: 400x400
01:04:31.111 [ForkJoinPool.commonPool-worker-1] DEBUG GameWorld            - Game world initialized
01:04:31.312 [ForkJoinPool.commonPool-worker-1] DEBUG PhysicsWorld         - Physics world initialized: appHeight=400, physics.ppm=50,0
01:04:31.356 [ForkJoinPool.commonPool-worker-1] DEBUG Input                - Registered new binding: Pause - Esc
01:04:31.421 [JavaFX Application Thread] DEBUG FXGL                 - Running preInit()
01:04:31.423 [JavaFX Application Thread] DEBUG Input                - Registered new binding: Screenshot - P
01:04:31.423 [JavaFX Application Thread] DEBUG Input                - Registered new binding: Dev Options - CTRL+0
01:04:31.424 [JavaFX Application Thread] DEBUG Input                - Registered new binding: System info dump - CTRL+9
01:04:31.424 [JavaFX Application Thread] DEBUG Input                - Registered new binding: Restart - CTRL+R
01:04:31.425 [JavaFX Application Thread] DEBUG Input                - Registered new binding: Move right - D
01:04:31.425 [JavaFX Application Thread] DEBUG Input                - Registered new binding: Move left - A
01:04:31.426 [JavaFX Application Thread] DEBUG Input                - Registered new binding: Launch ball - Space
01:04:31.426 [JavaFX Application Thread] DEBUG Input                - Registered new binding: New level - N
01:04:31.426 [JavaFX Application Thread] DEBUG Input                - Registered new binding: Testing - W
01:04:31.428 [JavaFX Application Thread] INFO  FXGL                 - FXGL initialization took: 2,079 sec
01:04:31.428 [JavaFX Application Thread] DEBUG LoopRunner           - Starting loop
01:04:31.432 [JavaFX Application Thread] DEBUG StartupState         - STARTUP
01:04:31.433 [JavaFX Application Thread] DEBUG GameApplication      - Starting new game
01:04:31.433 [JavaFX Application Thread] DEBUG Input                - Clearing active input actions
01:04:31.434 [JavaFX Application Thread] DEBUG AssetLoader          - Loading from disk: /assets/ui/css/fxgl_dark.css
01:04:31.443 [JavaFX Application Thread] DEBUG AppStateMachine      - StartupState -> LoadingState
01:04:31.451 [FXGL Background Thread 1 ] DEBUG InitAppTask          - Clearing previous game
01:04:31.452 [FXGL Background Thread 1 ] DEBUG GameWorld            - Clearing game world
01:04:31.452 [FXGL Background Thread 1 ] DEBUG PhysicsWorld         - Clearing physics world
01:04:31.452 [FXGL Background Thread 1 ] DEBUG GameScene            - Clearing game scene
01:04:31.454 [FXGL Background Thread 1 ] DEBUG InitAppTask          - Initializing Game
01:04:31.623 [FXGL Background Thread 1 ] DEBUG GameScene            - Creating render group for layer: BACKGROUND(1000)
01:04:31.701 [FXGL Background Thread 1 ] DEBUG GameScene            - Creating render group for layer: DEFAULT(100000)
01:04:31.701 [FXGL Background Thread 1 ] DEBUG InitAppTask          - Initializing Physics
01:04:31.703 [FXGL Background Thread 1 ] DEBUG InitAppTask          - Initializing UI
01:04:31.704 [FXGL Background Thread 1 ] DEBUG InitAppTask          - Initialization Complete
01:04:31.705 [FXGL Background Thread 1 ] INFO  InitAppTask          - Game initialization took: 0,253 sec
01:04:31.709 [JavaFX Application Thread] DEBUG Input                - Clearing active input actions
01:04:31.710 [JavaFX Application Thread] DEBUG AssetLoader          - Loading from disk: /assets/ui/css/fxgl_dark.css
01:04:31.725 [JavaFX Application Thread] DEBUG AppStateMachine      - LoadingState -> PlayState
01:04:40.446 [JavaFX Application Thread] DEBUG FXGL                 - Exiting FXGL
01:04:40.446 [JavaFX Application Thread] DEBUG FXGL                 - Shutting down background threads
01:04:40.446 [JavaFX Application Thread] DEBUG FXGL                 - Saving FXGL system data
01:04:40.450 [JavaFX Application Thread] DEBUG DesktopFSService     - Writing to: system/fxgl.bundle
01:04:40.456 [JavaFX Application Thread] DEBUG FXGL                 - Closing logger and exiting JavaFX
