01:09:06.248 [JavaFX Application Thread] DEBUG GameApplication      - Logger initialized
01:09:06.278 [JavaFX Application Thread] DEBUG GameApplication      - Logging settings
Title: Breakout
Version: 1.0
Width: 800
Height: 800
Fullscreen: false
Intro: false
Menus: false
Profiling: false
Single step:false
App Mode: DEVELOPER
Menu Key: ESCAPE
Stage Style: DECORATED
Scene Factory: class com.almasb.fxgl.scene.SceneFactory
Dialog Factory: class com.almasb.fxgl.ui.FXGLDialogFactory
UI Factory: class com.almasb.fxgl.ui.FXGLUIFactory
Notification Service: class com.almasb.fxgl.gameplay.notification.XboxNotificationView
Exception Handler: class com.almasb.fxgl.app.FXGLExceptionHandler
01:09:06.279 [JavaFX Application Thread] DEBUG GameApplication      - Starting FXGL
01:09:06.293 [JavaFX Application Thread] INFO  FXGL                 - FXGL-0.5.4 on DESKTOP
01:09:06.294 [JavaFX Application Thread] INFO  FXGL                 - Source code and latest versions at: https://github.com/AlmasB/FXGL
01:09:06.295 [JavaFX Application Thread] INFO  FXGL                 -              Join the FXGL chat at: https://gitter.im/AlmasB/FXGL
01:09:06.295 [JavaFX Application Thread] DEBUG FXGL                 - FXGL started
01:09:06.295 [JavaFX Application Thread] DEBUG FXGL                 - Initializing FXGL
01:09:06.407 [JavaFX Application Thread] DEBUG AssetLoader          - Loading from disk: /assets/ui/cursors/fxgl_default.png
01:09:06.655 [JavaFX Application Thread] DEBUG AssetLoader          - Loading from disk: /assets/ui/fonts/VarelaRound-Regular.ttf
01:09:06.816 [JavaFX Application Thread] DEBUG MainWindow           - Creating a JavaFX scene
01:09:06.818 [JavaFX Application Thread] DEBUG MainWindow           - Target size > screen size
01:09:06.924 [JavaFX Application Thread] DEBUG MainWindow           - Target settings size: 800.0 x 800.0
01:09:06.926 [JavaFX Application Thread] DEBUG MainWindow           - Scaled scene size:    716.0 x 741.0
01:09:06.926 [JavaFX Application Thread] DEBUG MainWindow           - Scaled ratio: (0.895, 0.92625)
01:09:06.933 [JavaFX Application Thread] DEBUG AssetLoader          - Loading from disk: /assets/ui/css/fxgl_dark.css
01:09:06.944 [JavaFX Application Thread] DEBUG AssetLoader          - Loading from disk: /assets/textures/fxgl_icon.png
01:09:06.998 [JavaFX Application Thread] DEBUG MainWindow           - Opening main window
01:09:07.408 [JavaFX Application Thread] DEBUG MainWindow           - Window border size: (0.0, 35.0)
01:09:07.409 [JavaFX Application Thread] DEBUG MainWindow           - Scaled size: 716.0 x 706.0
01:09:07.412 [JavaFX Application Thread] DEBUG MainWindow           - Scaled ratio: (0.895, 0.8825)
01:09:07.412 [JavaFX Application Thread] DEBUG MainWindow           - Scene size: 716.0 x 741.0
01:09:07.413 [JavaFX Application Thread] DEBUG MainWindow           - Stage size: 716.0 x 741.0
01:09:07.573 [ForkJoinPool.commonPool-worker-1] DEBUG FS                   - Loaded DesktopFSService
01:09:07.574 [ForkJoinPool.commonPool-worker-1] DEBUG FXGL                 - Loading FXGL system data
01:09:07.601 [ForkJoinPool.commonPool-worker-1] DEBUG DesktopFSService     - Reading from: system/fxgl.bundle
01:09:07.641 [ForkJoinPool.commonPool-worker-1] DEBUG Bundle               - Logging bundle: FXGL
01:09:07.642 [ForkJoinPool.commonPool-worker-1] DEBUG Bundle               - FXGL.offline.timer.version.check=2018-12-09T23:48:16.969
01:09:07.661 [ForkJoinPool.commonPool-worker-1] DEBUG FXGL                 - Initializing state machine and application states
01:09:07.666 [ForkJoinPool.commonPool-worker-1] DEBUG AssetLoader          - Loading from disk: /assets/ui/cursors/fxgl_default.png
01:09:07.681 [ForkJoinPool.commonPool-worker-1] DEBUG AssetLoader          - Loading from disk: /assets/ui/cursors/fxgl_default.png
01:09:07.708 [ForkJoinPool.commonPool-worker-1] DEBUG AssetLoader          - Loading from cache: /assets/ui/fonts/VarelaRound-Regular.ttf
01:09:07.722 [ForkJoinPool.commonPool-worker-1] DEBUG AssetLoader          - Loading from disk: /assets/ui/cursors/fxgl_default.png
01:09:07.727 [ForkJoinPool.commonPool-worker-1] DEBUG GameScene            - Game scene initialized: 800x800
01:09:07.789 [ForkJoinPool.commonPool-worker-1] DEBUG GameWorld            - Game world initialized
01:09:07.941 [ForkJoinPool.commonPool-worker-1] DEBUG PhysicsWorld         - Physics world initialized: appHeight=800, physics.ppm=50,0
01:09:07.978 [ForkJoinPool.commonPool-worker-1] DEBUG Input                - Registered new binding: Pause - Esc
01:09:08.050 [JavaFX Application Thread] DEBUG FXGL                 - Running preInit()
01:09:08.051 [JavaFX Application Thread] DEBUG Input                - Registered new binding: Screenshot - P
01:09:08.052 [JavaFX Application Thread] DEBUG Input                - Registered new binding: Dev Options - CTRL+0
01:09:08.053 [JavaFX Application Thread] DEBUG Input                - Registered new binding: System info dump - CTRL+9
01:09:08.053 [JavaFX Application Thread] DEBUG Input                - Registered new binding: Restart - CTRL+R
01:09:08.054 [JavaFX Application Thread] DEBUG Input                - Registered new binding: Move right - D
01:09:08.054 [JavaFX Application Thread] DEBUG Input                - Registered new binding: Move left - A
01:09:08.056 [JavaFX Application Thread] INFO  FXGL                 - FXGL initialization took: 1,760 sec
01:09:08.056 [JavaFX Application Thread] DEBUG LoopRunner           - Starting loop
01:09:08.058 [JavaFX Application Thread] DEBUG StartupState         - STARTUP
01:09:08.058 [JavaFX Application Thread] DEBUG GameApplication      - Starting new game
01:09:08.059 [JavaFX Application Thread] DEBUG Input                - Clearing active input actions
01:09:08.060 [JavaFX Application Thread] DEBUG AssetLoader          - Loading from disk: /assets/ui/css/fxgl_dark.css
01:09:08.073 [JavaFX Application Thread] DEBUG AppStateMachine      - StartupState -> LoadingState
01:09:08.080 [FXGL Background Thread 1 ] DEBUG InitAppTask          - Clearing previous game
01:09:08.080 [FXGL Background Thread 1 ] DEBUG GameWorld            - Clearing game world
01:09:08.081 [FXGL Background Thread 1 ] DEBUG PhysicsWorld         - Clearing physics world
01:09:08.081 [FXGL Background Thread 1 ] DEBUG GameScene            - Clearing game scene
01:09:08.084 [FXGL Background Thread 1 ] DEBUG InitAppTask          - Initializing Game
01:09:08.215 [FXGL Background Thread 1 ] DEBUG GameScene            - Creating render group for layer: BACKGROUND(1000)
01:09:08.218 [FXGL Background Thread 1 ] DEBUG GameScene            - Creating render group for layer: DEFAULT(100000)
01:09:08.296 [FXGL Background Thread 1 ] DEBUG InitAppTask          - Initializing Physics
01:09:08.298 [FXGL Background Thread 1 ] DEBUG InitAppTask          - Initializing UI
01:09:08.298 [FXGL Background Thread 1 ] DEBUG InitAppTask          - Initialization Complete
01:09:08.298 [FXGL Background Thread 1 ] INFO  InitAppTask          - Game initialization took: 0,218 sec
01:09:08.309 [JavaFX Application Thread] DEBUG Input                - Clearing active input actions
01:09:08.310 [JavaFX Application Thread] DEBUG AssetLoader          - Loading from disk: /assets/ui/css/fxgl_dark.css
01:09:08.318 [JavaFX Application Thread] DEBUG AppStateMachine      - LoadingState -> PlayState
01:09:30.073 [JavaFX Application Thread] DEBUG FXGL                 - Exiting FXGL
01:09:30.073 [JavaFX Application Thread] DEBUG FXGL                 - Shutting down background threads
01:09:30.074 [JavaFX Application Thread] DEBUG FXGL                 - Saving FXGL system data
01:09:30.077 [JavaFX Application Thread] DEBUG DesktopFSService     - Writing to: system/fxgl.bundle
01:09:30.082 [JavaFX Application Thread] DEBUG FXGL                 - Closing logger and exiting JavaFX
