01:08:11.382 [JavaFX Application Thread] DEBUG GameApplication      - Logger initialized
01:08:11.403 [JavaFX Application Thread] DEBUG GameApplication      - Logging settings
Title: Breakout
Version: 1.0
Width: 800
Height: 600
Fullscreen: false
Intro: false
Menus: false
Profiling: false
Single step:false
App Mode: DEVELOPER
Menu Key: ESCAPE
Stage Style: DECORATED
Scene Factory: class com.almasb.fxgl.scene.SceneFactory
Dialog Factory: class com.almasb.fxgl.ui.FXGLDialogFactory
UI Factory: class com.almasb.fxgl.ui.FXGLUIFactory
Notification Service: class com.almasb.fxgl.gameplay.notification.XboxNotificationView
Exception Handler: class com.almasb.fxgl.app.FXGLExceptionHandler
01:08:11.404 [JavaFX Application Thread] DEBUG GameApplication      - Starting FXGL
01:08:11.445 [JavaFX Application Thread] INFO  FXGL                 - FXGL-0.5.4 on DESKTOP
01:08:11.446 [JavaFX Application Thread] INFO  FXGL                 - Source code and latest versions at: https://github.com/AlmasB/FXGL
01:08:11.447 [JavaFX Application Thread] INFO  FXGL                 -              Join the FXGL chat at: https://gitter.im/AlmasB/FXGL
01:08:11.449 [JavaFX Application Thread] DEBUG FXGL                 - FXGL started
01:08:11.449 [JavaFX Application Thread] DEBUG FXGL                 - Initializing FXGL
01:08:11.555 [JavaFX Application Thread] DEBUG AssetLoader          - Loading from disk: /assets/ui/cursors/fxgl_default.png
01:08:11.796 [JavaFX Application Thread] DEBUG AssetLoader          - Loading from disk: /assets/ui/fonts/VarelaRound-Regular.ttf
01:08:11.942 [JavaFX Application Thread] DEBUG MainWindow           - Creating a JavaFX scene
01:08:12.048 [JavaFX Application Thread] DEBUG MainWindow           - Target settings size: 800.0 x 600.0
01:08:12.049 [JavaFX Application Thread] DEBUG MainWindow           - Scaled scene size:    800.0 x 600.0
01:08:12.049 [JavaFX Application Thread] DEBUG MainWindow           - Scaled ratio: (1.0, 1.0)
01:08:12.055 [JavaFX Application Thread] DEBUG AssetLoader          - Loading from disk: /assets/ui/css/fxgl_dark.css
01:08:12.063 [JavaFX Application Thread] DEBUG AssetLoader          - Loading from disk: /assets/textures/fxgl_icon.png
01:08:12.105 [JavaFX Application Thread] DEBUG MainWindow           - Opening main window
01:08:12.561 [JavaFX Application Thread] DEBUG MainWindow           - Window border size: (0.0, 35.0)
01:08:12.583 [JavaFX Application Thread] DEBUG MainWindow           - Scaled size: 800.0 x 565.0
01:08:12.583 [JavaFX Application Thread] DEBUG MainWindow           - Scaled ratio: (1.0, 0.9416666666666667)
01:08:12.584 [JavaFX Application Thread] DEBUG MainWindow           - Scene size: 800.0 x 600.0
01:08:12.584 [JavaFX Application Thread] DEBUG MainWindow           - Stage size: 800.0 x 600.0
01:08:12.780 [ForkJoinPool.commonPool-worker-1] DEBUG FS                   - Loaded DesktopFSService
01:08:12.787 [ForkJoinPool.commonPool-worker-1] DEBUG FXGL                 - Loading FXGL system data
01:08:12.802 [ForkJoinPool.commonPool-worker-1] DEBUG DesktopFSService     - Reading from: system/fxgl.bundle
01:08:12.834 [ForkJoinPool.commonPool-worker-1] DEBUG Bundle               - Logging bundle: FXGL
01:08:12.836 [ForkJoinPool.commonPool-worker-1] DEBUG Bundle               - FXGL.offline.timer.version.check=2018-12-09T23:48:16.969
01:08:12.847 [ForkJoinPool.commonPool-worker-1] DEBUG FXGL                 - Initializing state machine and application states
01:08:12.851 [ForkJoinPool.commonPool-worker-1] DEBUG AssetLoader          - Loading from disk: /assets/ui/cursors/fxgl_default.png
01:08:12.870 [ForkJoinPool.commonPool-worker-1] DEBUG AssetLoader          - Loading from disk: /assets/ui/cursors/fxgl_default.png
01:08:12.896 [ForkJoinPool.commonPool-worker-1] DEBUG AssetLoader          - Loading from cache: /assets/ui/fonts/VarelaRound-Regular.ttf
01:08:12.914 [ForkJoinPool.commonPool-worker-1] DEBUG AssetLoader          - Loading from disk: /assets/ui/cursors/fxgl_default.png
01:08:12.923 [ForkJoinPool.commonPool-worker-1] DEBUG GameScene            - Game scene initialized: 800x600
01:08:12.989 [ForkJoinPool.commonPool-worker-1] DEBUG GameWorld            - Game world initialized
01:08:13.188 [ForkJoinPool.commonPool-worker-1] DEBUG PhysicsWorld         - Physics world initialized: appHeight=600, physics.ppm=50,0
01:08:13.234 [ForkJoinPool.commonPool-worker-1] DEBUG Input                - Registered new binding: Pause - Esc
01:08:13.316 [JavaFX Application Thread] DEBUG FXGL                 - Running preInit()
01:08:13.318 [JavaFX Application Thread] DEBUG Input                - Registered new binding: Screenshot - P
01:08:13.319 [JavaFX Application Thread] DEBUG Input                - Registered new binding: Dev Options - CTRL+0
01:08:13.319 [JavaFX Application Thread] DEBUG Input                - Registered new binding: System info dump - CTRL+9
01:08:13.320 [JavaFX Application Thread] DEBUG Input                - Registered new binding: Restart - CTRL+R
01:08:13.320 [JavaFX Application Thread] DEBUG Input                - Registered new binding: Move right - D
01:08:13.321 [JavaFX Application Thread] DEBUG Input                - Registered new binding: Move left - A
01:08:13.321 [JavaFX Application Thread] DEBUG Input                - Registered new binding: Launch ball - Space
01:08:13.321 [JavaFX Application Thread] DEBUG Input                - Registered new binding: New level - N
01:08:13.322 [JavaFX Application Thread] DEBUG Input                - Registered new binding: Testing - W
01:08:13.323 [JavaFX Application Thread] INFO  FXGL                 - FXGL initialization took: 1,873 sec
01:08:13.325 [JavaFX Application Thread] DEBUG LoopRunner           - Starting loop
01:08:13.328 [JavaFX Application Thread] DEBUG StartupState         - STARTUP
01:08:13.328 [JavaFX Application Thread] DEBUG GameApplication      - Starting new game
01:08:13.328 [JavaFX Application Thread] DEBUG Input                - Clearing active input actions
01:08:13.331 [JavaFX Application Thread] DEBUG AssetLoader          - Loading from disk: /assets/ui/css/fxgl_dark.css
01:08:13.347 [JavaFX Application Thread] DEBUG AppStateMachine      - StartupState -> LoadingState
01:08:13.354 [FXGL Background Thread 1 ] DEBUG InitAppTask          - Clearing previous game
01:08:13.355 [FXGL Background Thread 1 ] DEBUG GameWorld            - Clearing game world
01:08:13.355 [FXGL Background Thread 1 ] DEBUG PhysicsWorld         - Clearing physics world
01:08:13.355 [FXGL Background Thread 1 ] DEBUG GameScene            - Clearing game scene
01:08:13.358 [FXGL Background Thread 1 ] DEBUG InitAppTask          - Initializing Game
01:08:13.501 [FXGL Background Thread 1 ] DEBUG GameScene            - Creating render group for layer: BACKGROUND(1000)
01:08:13.594 [FXGL Background Thread 1 ] DEBUG GameScene            - Creating render group for layer: DEFAULT(100000)
01:08:13.594 [FXGL Background Thread 1 ] DEBUG InitAppTask          - Initializing Physics
01:08:13.595 [FXGL Background Thread 1 ] DEBUG InitAppTask          - Initializing UI
01:08:13.597 [FXGL Background Thread 1 ] DEBUG InitAppTask          - Initialization Complete
01:08:13.597 [FXGL Background Thread 1 ] INFO  InitAppTask          - Game initialization took: 0,243 sec
01:08:13.602 [JavaFX Application Thread] DEBUG Input                - Clearing active input actions
01:08:13.603 [JavaFX Application Thread] DEBUG AssetLoader          - Loading from disk: /assets/ui/css/fxgl_dark.css
01:08:13.619 [JavaFX Application Thread] DEBUG AppStateMachine      - LoadingState -> PlayState
01:08:40.156 [JavaFX Application Thread] DEBUG FXGL                 - Exiting FXGL
01:08:40.156 [JavaFX Application Thread] DEBUG FXGL                 - Shutting down background threads
01:08:40.157 [JavaFX Application Thread] DEBUG FXGL                 - Saving FXGL system data
01:08:40.160 [JavaFX Application Thread] DEBUG DesktopFSService     - Writing to: system/fxgl.bundle
01:08:40.165 [JavaFX Application Thread] DEBUG FXGL                 - Closing logger and exiting JavaFX
