00:44:19.309 [JavaFX Application Thread] DEBUG GameApplication      - Logger initialized
00:44:19.330 [JavaFX Application Thread] DEBUG GameApplication      - Logging settings
Title: Breakout
Version: 1.0
Width: 800
Height: 800
Fullscreen: false
Intro: false
Menus: false
Profiling: false
Single step:false
App Mode: DEVELOPER
Menu Key: ESCAPE
Stage Style: DECORATED
Scene Factory: class com.almasb.fxgl.scene.SceneFactory
Dialog Factory: class com.almasb.fxgl.ui.FXGLDialogFactory
UI Factory: class com.almasb.fxgl.ui.FXGLUIFactory
Notification Service: class com.almasb.fxgl.gameplay.notification.XboxNotificationView
Exception Handler: class com.almasb.fxgl.app.FXGLExceptionHandler
00:44:19.331 [JavaFX Application Thread] DEBUG GameApplication      - Starting FXGL
00:44:19.363 [JavaFX Application Thread] INFO  FXGL                 - FXGL-0.5.4 on DESKTOP
00:44:19.364 [JavaFX Application Thread] INFO  FXGL                 - Source code and latest versions at: https://github.com/AlmasB/FXGL
00:44:19.365 [JavaFX Application Thread] INFO  FXGL                 -              Join the FXGL chat at: https://gitter.im/AlmasB/FXGL
00:44:19.365 [JavaFX Application Thread] DEBUG FXGL                 - FXGL started
00:44:19.366 [JavaFX Application Thread] DEBUG FXGL                 - Initializing FXGL
00:44:19.472 [JavaFX Application Thread] DEBUG AssetLoader          - Loading from disk: /assets/ui/cursors/fxgl_default.png
00:44:19.737 [JavaFX Application Thread] DEBUG AssetLoader          - Loading from disk: /assets/ui/fonts/VarelaRound-Regular.ttf
00:44:19.920 [JavaFX Application Thread] DEBUG MainWindow           - Creating a JavaFX scene
00:44:19.921 [JavaFX Application Thread] DEBUG MainWindow           - Target size > screen size
00:44:20.026 [JavaFX Application Thread] DEBUG MainWindow           - Target settings size: 800.0 x 800.0
00:44:20.027 [JavaFX Application Thread] DEBUG MainWindow           - Scaled scene size:    716.0 x 741.0
00:44:20.027 [JavaFX Application Thread] DEBUG MainWindow           - Scaled ratio: (0.895, 0.92625)
00:44:20.035 [JavaFX Application Thread] DEBUG AssetLoader          - Loading from disk: /assets/ui/css/fxgl_dark.css
00:44:20.043 [JavaFX Application Thread] DEBUG AssetLoader          - Loading from disk: /assets/textures/fxgl_icon.png
00:44:20.082 [JavaFX Application Thread] DEBUG MainWindow           - Opening main window
00:44:20.487 [JavaFX Application Thread] DEBUG MainWindow           - Window border size: (0.0, 35.0)
00:44:20.490 [JavaFX Application Thread] DEBUG MainWindow           - Scaled size: 716.0 x 706.0
00:44:20.493 [JavaFX Application Thread] DEBUG MainWindow           - Scaled ratio: (0.895, 0.8825)
00:44:20.493 [JavaFX Application Thread] DEBUG MainWindow           - Scene size: 716.0 x 741.0
00:44:20.494 [JavaFX Application Thread] DEBUG MainWindow           - Stage size: 716.0 x 741.0
00:44:20.650 [ForkJoinPool.commonPool-worker-1] DEBUG FS                   - Loaded DesktopFSService
00:44:20.650 [ForkJoinPool.commonPool-worker-1] DEBUG FXGL                 - Loading FXGL system data
00:44:20.670 [ForkJoinPool.commonPool-worker-1] DEBUG DesktopFSService     - Reading from: system/fxgl.bundle
00:44:20.715 [ForkJoinPool.commonPool-worker-1] DEBUG Bundle               - Logging bundle: FXGL
00:44:20.717 [ForkJoinPool.commonPool-worker-1] DEBUG Bundle               - FXGL.offline.timer.version.check=2018-12-09T23:48:16.969
00:44:20.728 [ForkJoinPool.commonPool-worker-1] DEBUG FXGL                 - Initializing state machine and application states
00:44:20.734 [ForkJoinPool.commonPool-worker-1] DEBUG AssetLoader          - Loading from disk: /assets/ui/cursors/fxgl_default.png
00:44:20.750 [ForkJoinPool.commonPool-worker-1] DEBUG AssetLoader          - Loading from disk: /assets/ui/cursors/fxgl_default.png
00:44:20.762 [ForkJoinPool.commonPool-worker-1] DEBUG AssetLoader          - Loading from cache: /assets/ui/fonts/VarelaRound-Regular.ttf
00:44:20.784 [ForkJoinPool.commonPool-worker-1] DEBUG AssetLoader          - Loading from disk: /assets/ui/cursors/fxgl_default.png
00:44:20.789 [ForkJoinPool.commonPool-worker-1] DEBUG GameScene            - Game scene initialized: 800x800
00:44:20.798 [ForkJoinPool.commonPool-worker-1] DEBUG GameWorld            - Game world initialized
00:44:20.928 [ForkJoinPool.commonPool-worker-1] DEBUG PhysicsWorld         - Physics world initialized: appHeight=800, physics.ppm=50,0
00:44:20.951 [ForkJoinPool.commonPool-worker-1] DEBUG Input                - Registered new binding: Pause - Esc
00:44:21.009 [JavaFX Application Thread] DEBUG FXGL                 - Running preInit()
00:44:21.011 [JavaFX Application Thread] DEBUG Input                - Registered new binding: Screenshot - P
00:44:21.011 [JavaFX Application Thread] DEBUG Input                - Registered new binding: Dev Options - CTRL+0
00:44:21.012 [JavaFX Application Thread] DEBUG Input                - Registered new binding: System info dump - CTRL+9
00:44:21.012 [JavaFX Application Thread] DEBUG Input                - Registered new binding: Restart - CTRL+R
00:44:21.013 [JavaFX Application Thread] DEBUG Input                - Registered new binding: Move right - D
00:44:21.013 [JavaFX Application Thread] DEBUG Input                - Registered new binding: Move left - A
00:44:21.014 [JavaFX Application Thread] INFO  FXGL                 - FXGL initialization took: 1,648 sec
00:44:21.014 [JavaFX Application Thread] DEBUG LoopRunner           - Starting loop
00:44:21.016 [JavaFX Application Thread] DEBUG StartupState         - STARTUP
00:44:21.017 [JavaFX Application Thread] DEBUG GameApplication      - Starting new game
00:44:21.017 [JavaFX Application Thread] DEBUG Input                - Clearing active input actions
00:44:21.019 [JavaFX Application Thread] DEBUG AssetLoader          - Loading from disk: /assets/ui/css/fxgl_dark.css
00:44:21.032 [JavaFX Application Thread] DEBUG AppStateMachine      - StartupState -> LoadingState
00:44:21.041 [FXGL Background Thread 1 ] DEBUG InitAppTask          - Clearing previous game
00:44:21.042 [FXGL Background Thread 1 ] DEBUG GameWorld            - Clearing game world
00:44:21.042 [FXGL Background Thread 1 ] DEBUG PhysicsWorld         - Clearing physics world
00:44:21.042 [FXGL Background Thread 1 ] DEBUG GameScene            - Clearing game scene
00:44:21.045 [FXGL Background Thread 1 ] DEBUG InitAppTask          - Initializing Game
00:44:21.195 [FXGL Background Thread 1 ] DEBUG GameScene            - Creating render group for layer: BACKGROUND(1000)
00:44:21.207 [FXGL Background Thread 1 ] DEBUG GameScene            - Creating render group for layer: DEFAULT(100000)
00:44:21.285 [FXGL Background Thread 1 ] DEBUG InitAppTask          - Initializing Physics
00:44:21.286 [FXGL Background Thread 1 ] DEBUG InitAppTask          - Initializing UI
00:44:21.286 [FXGL Background Thread 1 ] DEBUG InitAppTask          - Initialization Complete
00:44:21.287 [FXGL Background Thread 1 ] INFO  InitAppTask          - Game initialization took: 0,245 sec
00:44:21.298 [JavaFX Application Thread] DEBUG Input                - Clearing active input actions
00:44:21.299 [JavaFX Application Thread] DEBUG AssetLoader          - Loading from disk: /assets/ui/css/fxgl_dark.css
00:44:21.310 [JavaFX Application Thread] DEBUG AppStateMachine      - LoadingState -> PlayState
00:44:27.675 [JavaFX Application Thread] DEBUG FXGL                 - Exiting FXGL
00:44:27.676 [JavaFX Application Thread] DEBUG FXGL                 - Shutting down background threads
00:44:27.676 [JavaFX Application Thread] DEBUG FXGL                 - Saving FXGL system data
00:44:27.680 [JavaFX Application Thread] DEBUG DesktopFSService     - Writing to: system/fxgl.bundle
00:44:27.686 [JavaFX Application Thread] DEBUG FXGL                 - Closing logger and exiting JavaFX
