01:01:17.001 [JavaFX Application Thread] DEBUG GameApplication      - Logger initialized
01:01:17.026 [JavaFX Application Thread] DEBUG GameApplication      - Logging settings
Title: Breakout
Version: 1.0
Width: 400
Height: 400
Fullscreen: false
Intro: false
Menus: false
Profiling: false
Single step:false
App Mode: DEVELOPER
Menu Key: ESCAPE
Stage Style: DECORATED
Scene Factory: class com.almasb.fxgl.scene.SceneFactory
Dialog Factory: class com.almasb.fxgl.ui.FXGLDialogFactory
UI Factory: class com.almasb.fxgl.ui.FXGLUIFactory
Notification Service: class com.almasb.fxgl.gameplay.notification.XboxNotificationView
Exception Handler: class com.almasb.fxgl.app.FXGLExceptionHandler
01:01:17.026 [JavaFX Application Thread] DEBUG GameApplication      - Starting FXGL
01:01:17.043 [JavaFX Application Thread] INFO  FXGL                 - FXGL-0.5.4 on DESKTOP
01:01:17.043 [JavaFX Application Thread] INFO  FXGL                 - Source code and latest versions at: https://github.com/AlmasB/FXGL
01:01:17.044 [JavaFX Application Thread] INFO  FXGL                 -              Join the FXGL chat at: https://gitter.im/AlmasB/FXGL
01:01:17.044 [JavaFX Application Thread] DEBUG FXGL                 - FXGL started
01:01:17.044 [JavaFX Application Thread] DEBUG FXGL                 - Initializing FXGL
01:01:17.151 [JavaFX Application Thread] DEBUG AssetLoader          - Loading from disk: /assets/ui/cursors/fxgl_default.png
01:01:17.354 [JavaFX Application Thread] DEBUG AssetLoader          - Loading from disk: /assets/ui/fonts/VarelaRound-Regular.ttf
01:01:17.534 [JavaFX Application Thread] DEBUG MainWindow           - Creating a JavaFX scene
01:01:17.630 [JavaFX Application Thread] DEBUG MainWindow           - Target settings size: 400.0 x 400.0
01:01:17.631 [JavaFX Application Thread] DEBUG MainWindow           - Scaled scene size:    400.0 x 400.0
01:01:17.632 [JavaFX Application Thread] DEBUG MainWindow           - Scaled ratio: (1.0, 1.0)
01:01:17.639 [JavaFX Application Thread] DEBUG AssetLoader          - Loading from disk: /assets/ui/css/fxgl_dark.css
01:01:17.648 [JavaFX Application Thread] DEBUG AssetLoader          - Loading from disk: /assets/textures/fxgl_icon.png
01:01:17.690 [JavaFX Application Thread] DEBUG MainWindow           - Opening main window
01:01:18.133 [JavaFX Application Thread] DEBUG MainWindow           - Window border size: (0.0, 35.0)
01:01:18.133 [JavaFX Application Thread] DEBUG MainWindow           - Scaled size: 400.0 x 365.0
01:01:18.134 [JavaFX Application Thread] DEBUG MainWindow           - Scaled ratio: (1.0, 0.9125)
01:01:18.134 [JavaFX Application Thread] DEBUG MainWindow           - Scene size: 400.0 x 400.0
01:01:18.134 [JavaFX Application Thread] DEBUG MainWindow           - Stage size: 400.0 x 400.0
01:01:18.333 [ForkJoinPool.commonPool-worker-1] DEBUG FS                   - Loaded DesktopFSService
01:01:18.334 [ForkJoinPool.commonPool-worker-1] DEBUG FXGL                 - Loading FXGL system data
01:01:18.349 [ForkJoinPool.commonPool-worker-1] DEBUG DesktopFSService     - Reading from: system/fxgl.bundle
01:01:18.409 [ForkJoinPool.commonPool-worker-1] DEBUG Bundle               - Logging bundle: FXGL
01:01:18.426 [ForkJoinPool.commonPool-worker-1] DEBUG Bundle               - FXGL.offline.timer.version.check=2018-12-09T23:48:16.969
01:01:18.434 [ForkJoinPool.commonPool-worker-1] DEBUG FXGL                 - Initializing state machine and application states
01:01:18.437 [ForkJoinPool.commonPool-worker-1] DEBUG AssetLoader          - Loading from disk: /assets/ui/cursors/fxgl_default.png
01:01:18.457 [ForkJoinPool.commonPool-worker-1] DEBUG AssetLoader          - Loading from disk: /assets/ui/cursors/fxgl_default.png
01:01:18.477 [ForkJoinPool.commonPool-worker-1] DEBUG AssetLoader          - Loading from cache: /assets/ui/fonts/VarelaRound-Regular.ttf
01:01:18.493 [ForkJoinPool.commonPool-worker-1] DEBUG AssetLoader          - Loading from disk: /assets/ui/cursors/fxgl_default.png
01:01:18.498 [ForkJoinPool.commonPool-worker-1] DEBUG GameScene            - Game scene initialized: 400x400
01:01:18.546 [ForkJoinPool.commonPool-worker-1] DEBUG GameWorld            - Game world initialized
01:01:18.701 [ForkJoinPool.commonPool-worker-1] DEBUG PhysicsWorld         - Physics world initialized: appHeight=400, physics.ppm=50,0
01:01:18.740 [ForkJoinPool.commonPool-worker-1] DEBUG Input                - Registered new binding: Pause - Esc
01:01:18.862 [JavaFX Application Thread] DEBUG FXGL                 - Running preInit()
01:01:18.867 [JavaFX Application Thread] DEBUG Input                - Registered new binding: Screenshot - P
01:01:18.868 [JavaFX Application Thread] DEBUG Input                - Registered new binding: Dev Options - CTRL+0
01:01:18.868 [JavaFX Application Thread] DEBUG Input                - Registered new binding: System info dump - CTRL+9
01:01:18.869 [JavaFX Application Thread] DEBUG Input                - Registered new binding: Restart - CTRL+R
01:01:18.869 [JavaFX Application Thread] DEBUG Input                - Registered new binding: Move right - D
01:01:18.870 [JavaFX Application Thread] DEBUG Input                - Registered new binding: Move left - A
01:01:18.870 [JavaFX Application Thread] DEBUG Input                - Registered new binding: Launch ball - Space
01:01:18.871 [JavaFX Application Thread] DEBUG Input                - Registered new binding: New level - N
01:01:18.871 [JavaFX Application Thread] DEBUG Input                - Registered new binding: Testing - W
01:01:18.873 [JavaFX Application Thread] INFO  FXGL                 - FXGL initialization took: 1,827 sec
01:01:18.873 [JavaFX Application Thread] DEBUG LoopRunner           - Starting loop
01:01:18.875 [JavaFX Application Thread] DEBUG StartupState         - STARTUP
01:01:18.876 [JavaFX Application Thread] DEBUG GameApplication      - Starting new game
01:01:18.876 [JavaFX Application Thread] DEBUG Input                - Clearing active input actions
01:01:18.878 [JavaFX Application Thread] DEBUG AssetLoader          - Loading from disk: /assets/ui/css/fxgl_dark.css
01:01:18.899 [JavaFX Application Thread] DEBUG AppStateMachine      - StartupState -> LoadingState
01:01:18.909 [FXGL Background Thread 1 ] DEBUG InitAppTask          - Clearing previous game
01:01:18.909 [FXGL Background Thread 1 ] DEBUG GameWorld            - Clearing game world
01:01:18.909 [FXGL Background Thread 1 ] DEBUG PhysicsWorld         - Clearing physics world
01:01:18.910 [FXGL Background Thread 1 ] DEBUG GameScene            - Clearing game scene
01:01:18.915 [FXGL Background Thread 1 ] DEBUG InitAppTask          - Initializing Game
01:01:19.162 [FXGL Background Thread 1 ] DEBUG GameScene            - Creating render group for layer: BACKGROUND(1000)
01:01:19.231 [FXGL Background Thread 1 ] DEBUG GameScene            - Creating render group for layer: DEFAULT(100000)
01:01:19.232 [FXGL Background Thread 1 ] DEBUG InitAppTask          - Initializing Physics
01:01:19.233 [FXGL Background Thread 1 ] DEBUG InitAppTask          - Initializing UI
01:01:19.235 [FXGL Background Thread 1 ] DEBUG InitAppTask          - Initialization Complete
01:01:19.235 [FXGL Background Thread 1 ] INFO  InitAppTask          - Game initialization took: 0,326 sec
01:01:19.238 [JavaFX Application Thread] DEBUG Input                - Clearing active input actions
01:01:19.238 [JavaFX Application Thread] DEBUG AssetLoader          - Loading from disk: /assets/ui/css/fxgl_dark.css
01:01:19.249 [JavaFX Application Thread] DEBUG AppStateMachine      - LoadingState -> PlayState
01:01:28.199 [JavaFX Application Thread] DEBUG AssetLoader          - Loading from cache: /assets/ui/fonts/VarelaRound-Regular.ttf
01:01:28.205 [JavaFX Application Thread] DEBUG AssetLoader          - Loading from cache: /assets/ui/fonts/VarelaRound-Regular.ttf
01:01:28.207 [JavaFX Application Thread] DEBUG AssetLoader          - Loading from disk: /assets/properties/languages/english.properties
01:01:28.213 [JavaFX Application Thread] DEBUG AssetLoader          - Loading from cache: /assets/ui/fonts/VarelaRound-Regular.ttf
01:01:28.214 [JavaFX Application Thread] DEBUG AppStateMachine      - Push state: DialogSubState
01:01:28.214 [JavaFX Application Thread] DEBUG Input                - Clearing active input actions
01:01:28.215 [JavaFX Application Thread] DEBUG AppStateMachine      - PlayState -> DialogSubState
01:01:32.588 [JavaFX Application Thread] DEBUG AppStateMachine      - Pop state: DialogSubState
01:01:32.588 [JavaFX Application Thread] DEBUG Input                - Clearing active input actions
01:01:32.589 [JavaFX Application Thread] DEBUG AppStateMachine      - PlayState <- DialogSubState
01:01:32.589 [JavaFX Application Thread] DEBUG FXGL                 - Exiting FXGL
01:01:32.589 [JavaFX Application Thread] DEBUG FXGL                 - Shutting down background threads
01:01:32.590 [JavaFX Application Thread] DEBUG FXGL                 - Saving FXGL system data
01:01:32.593 [JavaFX Application Thread] DEBUG DesktopFSService     - Writing to: system/fxgl.bundle
01:01:32.596 [JavaFX Application Thread] DEBUG FXGL                 - Closing logger and exiting JavaFX
