00:43:15.191 [JavaFX Application Thread] DEBUG GameApplication      - Logger initialized
00:43:15.214 [JavaFX Application Thread] DEBUG GameApplication      - Logging settings
Title: Breakout
Version: 1.0
Width: 800
Height: 800
Fullscreen: false
Intro: false
Menus: false
Profiling: false
Single step:false
App Mode: DEVELOPER
Menu Key: ESCAPE
Stage Style: DECORATED
Scene Factory: class com.almasb.fxgl.scene.SceneFactory
Dialog Factory: class com.almasb.fxgl.ui.FXGLDialogFactory
UI Factory: class com.almasb.fxgl.ui.FXGLUIFactory
Notification Service: class com.almasb.fxgl.gameplay.notification.XboxNotificationView
Exception Handler: class com.almasb.fxgl.app.FXGLExceptionHandler
00:43:15.215 [JavaFX Application Thread] DEBUG GameApplication      - Starting FXGL
00:43:15.226 [JavaFX Application Thread] INFO  FXGL                 - FXGL-0.5.4 on DESKTOP
00:43:15.226 [JavaFX Application Thread] INFO  FXGL                 - Source code and latest versions at: https://github.com/AlmasB/FXGL
00:43:15.226 [JavaFX Application Thread] INFO  FXGL                 -              Join the FXGL chat at: https://gitter.im/AlmasB/FXGL
00:43:15.227 [JavaFX Application Thread] DEBUG FXGL                 - FXGL started
00:43:15.227 [JavaFX Application Thread] DEBUG FXGL                 - Initializing FXGL
00:43:15.369 [JavaFX Application Thread] DEBUG AssetLoader          - Loading from disk: /assets/ui/cursors/fxgl_default.png
00:43:15.590 [JavaFX Application Thread] DEBUG AssetLoader          - Loading from disk: /assets/ui/fonts/VarelaRound-Regular.ttf
00:43:15.755 [JavaFX Application Thread] DEBUG MainWindow           - Creating a JavaFX scene
00:43:15.756 [JavaFX Application Thread] DEBUG MainWindow           - Target size > screen size
00:43:15.847 [JavaFX Application Thread] DEBUG MainWindow           - Target settings size: 800.0 x 800.0
00:43:15.849 [JavaFX Application Thread] DEBUG MainWindow           - Scaled scene size:    716.0 x 741.0
00:43:15.849 [JavaFX Application Thread] DEBUG MainWindow           - Scaled ratio: (0.895, 0.92625)
00:43:15.855 [JavaFX Application Thread] DEBUG AssetLoader          - Loading from disk: /assets/ui/css/fxgl_dark.css
00:43:15.864 [JavaFX Application Thread] DEBUG AssetLoader          - Loading from disk: /assets/textures/fxgl_icon.png
00:43:15.903 [JavaFX Application Thread] DEBUG MainWindow           - Opening main window
00:43:16.325 [JavaFX Application Thread] DEBUG MainWindow           - Window border size: (0.0, 35.0)
00:43:16.329 [JavaFX Application Thread] DEBUG MainWindow           - Scaled size: 716.0 x 706.0
00:43:16.329 [JavaFX Application Thread] DEBUG MainWindow           - Scaled ratio: (0.895, 0.8825)
00:43:16.330 [JavaFX Application Thread] DEBUG MainWindow           - Scene size: 716.0 x 741.0
00:43:16.330 [JavaFX Application Thread] DEBUG MainWindow           - Stage size: 716.0 x 741.0
00:43:16.490 [ForkJoinPool.commonPool-worker-1] DEBUG FS                   - Loaded DesktopFSService
00:43:16.490 [ForkJoinPool.commonPool-worker-1] DEBUG FXGL                 - Loading FXGL system data
00:43:16.501 [ForkJoinPool.commonPool-worker-1] DEBUG DesktopFSService     - Reading from: system/fxgl.bundle
00:43:16.519 [ForkJoinPool.commonPool-worker-1] DEBUG Bundle               - Logging bundle: FXGL
00:43:16.522 [ForkJoinPool.commonPool-worker-1] DEBUG Bundle               - FXGL.offline.timer.version.check=2018-12-09T23:48:16.969
00:43:16.525 [ForkJoinPool.commonPool-worker-1] DEBUG FXGL                 - Initializing state machine and application states
00:43:16.529 [ForkJoinPool.commonPool-worker-1] DEBUG AssetLoader          - Loading from disk: /assets/ui/cursors/fxgl_default.png
00:43:16.545 [ForkJoinPool.commonPool-worker-1] DEBUG AssetLoader          - Loading from disk: /assets/ui/cursors/fxgl_default.png
00:43:16.580 [ForkJoinPool.commonPool-worker-1] DEBUG AssetLoader          - Loading from cache: /assets/ui/fonts/VarelaRound-Regular.ttf
00:43:16.587 [ForkJoinPool.commonPool-worker-1] DEBUG AssetLoader          - Loading from disk: /assets/ui/cursors/fxgl_default.png
00:43:16.596 [ForkJoinPool.commonPool-worker-1] DEBUG GameScene            - Game scene initialized: 800x800
00:43:16.616 [ForkJoinPool.commonPool-worker-1] DEBUG GameWorld            - Game world initialized
00:43:16.817 [ForkJoinPool.commonPool-worker-1] DEBUG PhysicsWorld         - Physics world initialized: appHeight=800, physics.ppm=50,0
00:43:16.856 [ForkJoinPool.commonPool-worker-1] DEBUG Input                - Registered new binding: Pause - Esc
00:43:16.972 [JavaFX Application Thread] DEBUG FXGL                 - Running preInit()
00:43:16.975 [JavaFX Application Thread] DEBUG Input                - Registered new binding: Screenshot - P
00:43:16.977 [JavaFX Application Thread] DEBUG Input                - Registered new binding: Dev Options - CTRL+0
00:43:16.978 [JavaFX Application Thread] DEBUG Input                - Registered new binding: System info dump - CTRL+9
00:43:16.986 [JavaFX Application Thread] DEBUG Input                - Registered new binding: Restart - CTRL+R
00:43:16.986 [JavaFX Application Thread] DEBUG Input                - Registered new binding: Move right - D
00:43:16.987 [JavaFX Application Thread] DEBUG Input                - Registered new binding: Move left - A
00:43:16.988 [JavaFX Application Thread] INFO  FXGL                 - FXGL initialization took: 1,760 sec
00:43:16.988 [JavaFX Application Thread] DEBUG LoopRunner           - Starting loop
00:43:16.991 [JavaFX Application Thread] DEBUG StartupState         - STARTUP
00:43:16.991 [JavaFX Application Thread] DEBUG GameApplication      - Starting new game
00:43:16.991 [JavaFX Application Thread] DEBUG Input                - Clearing active input actions
00:43:16.993 [JavaFX Application Thread] DEBUG AssetLoader          - Loading from disk: /assets/ui/css/fxgl_dark.css
00:43:17.010 [JavaFX Application Thread] DEBUG AppStateMachine      - StartupState -> LoadingState
00:43:17.038 [FXGL Background Thread 1 ] DEBUG InitAppTask          - Clearing previous game
00:43:17.038 [FXGL Background Thread 1 ] DEBUG GameWorld            - Clearing game world
00:43:17.038 [FXGL Background Thread 1 ] DEBUG PhysicsWorld         - Clearing physics world
00:43:17.039 [FXGL Background Thread 1 ] DEBUG GameScene            - Clearing game scene
00:43:17.041 [FXGL Background Thread 1 ] DEBUG InitAppTask          - Initializing Game
00:43:17.237 [FXGL Background Thread 1 ] DEBUG GameScene            - Creating render group for layer: BACKGROUND(1000)
00:43:17.375 [FXGL Background Thread 1 ] DEBUG GameScene            - Creating render group for layer: DEFAULT(100000)
00:43:17.378 [FXGL Background Thread 1 ] DEBUG InitAppTask          - Initializing Physics
00:43:17.379 [FXGL Background Thread 1 ] DEBUG InitAppTask          - Initializing UI
00:43:17.380 [FXGL Background Thread 1 ] DEBUG InitAppTask          - Initialization Complete
00:43:17.387 [FXGL Background Thread 1 ] INFO  InitAppTask          - Game initialization took: 0,342 sec
00:43:17.394 [JavaFX Application Thread] DEBUG Input                - Clearing active input actions
00:43:17.395 [JavaFX Application Thread] DEBUG AssetLoader          - Loading from disk: /assets/ui/css/fxgl_dark.css
00:43:17.437 [JavaFX Application Thread] DEBUG AppStateMachine      - LoadingState -> PlayState
00:43:23.361 [JavaFX Application Thread] DEBUG FXGL                 - Exiting FXGL
00:43:23.362 [JavaFX Application Thread] DEBUG FXGL                 - Shutting down background threads
00:43:23.363 [JavaFX Application Thread] DEBUG FXGL                 - Saving FXGL system data
00:43:23.367 [JavaFX Application Thread] DEBUG DesktopFSService     - Writing to: system/fxgl.bundle
00:43:23.370 [JavaFX Application Thread] DEBUG FXGL                 - Closing logger and exiting JavaFX
