00:36:16.571 [JavaFX Application Thread] DEBUG GameApplication      - Logger initialized
00:36:16.592 [JavaFX Application Thread] DEBUG GameApplication      - Logging settings
Title: Breakout
Version: 1.0
Width: 800
Height: 800
Fullscreen: false
Intro: false
Menus: false
Profiling: false
Single step:false
App Mode: DEVELOPER
Menu Key: ESCAPE
Stage Style: DECORATED
Scene Factory: class com.almasb.fxgl.scene.SceneFactory
Dialog Factory: class com.almasb.fxgl.ui.FXGLDialogFactory
UI Factory: class com.almasb.fxgl.ui.FXGLUIFactory
Notification Service: class com.almasb.fxgl.gameplay.notification.XboxNotificationView
Exception Handler: class com.almasb.fxgl.app.FXGLExceptionHandler
00:36:16.593 [JavaFX Application Thread] DEBUG GameApplication      - Starting FXGL
00:36:16.627 [JavaFX Application Thread] INFO  FXGL                 - FXGL-0.5.4 on DESKTOP
00:36:16.628 [JavaFX Application Thread] INFO  FXGL                 - Source code and latest versions at: https://github.com/AlmasB/FXGL
00:36:16.628 [JavaFX Application Thread] INFO  FXGL                 -              Join the FXGL chat at: https://gitter.im/AlmasB/FXGL
00:36:16.629 [JavaFX Application Thread] DEBUG FXGL                 - FXGL started
00:36:16.630 [JavaFX Application Thread] DEBUG FXGL                 - Initializing FXGL
00:36:16.749 [JavaFX Application Thread] DEBUG AssetLoader          - Loading from disk: /assets/ui/cursors/fxgl_default.png
00:36:16.981 [JavaFX Application Thread] DEBUG AssetLoader          - Loading from disk: /assets/ui/fonts/VarelaRound-Regular.ttf
00:36:17.102 [JavaFX Application Thread] DEBUG MainWindow           - Creating a JavaFX scene
00:36:17.102 [JavaFX Application Thread] DEBUG MainWindow           - Target size > screen size
00:36:17.197 [JavaFX Application Thread] DEBUG MainWindow           - Target settings size: 800.0 x 800.0
00:36:17.198 [JavaFX Application Thread] DEBUG MainWindow           - Scaled scene size:    716.0 x 741.0
00:36:17.198 [JavaFX Application Thread] DEBUG MainWindow           - Scaled ratio: (0.895, 0.92625)
00:36:17.204 [JavaFX Application Thread] DEBUG AssetLoader          - Loading from disk: /assets/ui/css/fxgl_dark.css
00:36:17.213 [JavaFX Application Thread] DEBUG AssetLoader          - Loading from disk: /assets/textures/fxgl_icon.png
00:36:17.246 [JavaFX Application Thread] DEBUG MainWindow           - Opening main window
00:36:17.710 [JavaFX Application Thread] DEBUG MainWindow           - Window border size: (0.0, 35.0)
00:36:17.710 [JavaFX Application Thread] DEBUG MainWindow           - Scaled size: 716.0 x 706.0
00:36:17.711 [JavaFX Application Thread] DEBUG MainWindow           - Scaled ratio: (0.895, 0.8825)
00:36:17.711 [JavaFX Application Thread] DEBUG MainWindow           - Scene size: 716.0 x 741.0
00:36:17.711 [JavaFX Application Thread] DEBUG MainWindow           - Stage size: 716.0 x 741.0
00:36:17.871 [ForkJoinPool.commonPool-worker-1] DEBUG FS                   - Loaded DesktopFSService
00:36:17.873 [ForkJoinPool.commonPool-worker-1] DEBUG FXGL                 - Loading FXGL system data
00:36:17.895 [ForkJoinPool.commonPool-worker-1] DEBUG DesktopFSService     - Reading from: system/fxgl.bundle
00:36:17.961 [ForkJoinPool.commonPool-worker-1] DEBUG Bundle               - Logging bundle: FXGL
00:36:17.964 [ForkJoinPool.commonPool-worker-1] DEBUG Bundle               - FXGL.offline.timer.version.check=2018-12-09T23:48:16.969
00:36:17.985 [ForkJoinPool.commonPool-worker-1] DEBUG FXGL                 - Initializing state machine and application states
00:36:17.988 [ForkJoinPool.commonPool-worker-1] DEBUG AssetLoader          - Loading from disk: /assets/ui/cursors/fxgl_default.png
00:36:18.011 [ForkJoinPool.commonPool-worker-1] DEBUG AssetLoader          - Loading from disk: /assets/ui/cursors/fxgl_default.png
00:36:18.025 [ForkJoinPool.commonPool-worker-1] DEBUG AssetLoader          - Loading from cache: /assets/ui/fonts/VarelaRound-Regular.ttf
00:36:18.029 [ForkJoinPool.commonPool-worker-1] DEBUG AssetLoader          - Loading from disk: /assets/ui/cursors/fxgl_default.png
00:36:18.034 [ForkJoinPool.commonPool-worker-1] DEBUG GameScene            - Game scene initialized: 800x800
00:36:18.044 [ForkJoinPool.commonPool-worker-1] DEBUG GameWorld            - Game world initialized
00:36:18.189 [ForkJoinPool.commonPool-worker-1] DEBUG PhysicsWorld         - Physics world initialized: appHeight=800, physics.ppm=50,0
00:36:18.225 [ForkJoinPool.commonPool-worker-1] DEBUG Input                - Registered new binding: Pause - Esc
00:36:18.307 [JavaFX Application Thread] DEBUG FXGL                 - Running preInit()
00:36:18.311 [JavaFX Application Thread] DEBUG Input                - Registered new binding: Screenshot - P
00:36:18.312 [JavaFX Application Thread] DEBUG Input                - Registered new binding: Dev Options - CTRL+0
00:36:18.313 [JavaFX Application Thread] DEBUG Input                - Registered new binding: System info dump - CTRL+9
00:36:18.314 [JavaFX Application Thread] DEBUG Input                - Registered new binding: Restart - CTRL+R
00:36:18.315 [JavaFX Application Thread] DEBUG Input                - Registered new binding: Move right - D
00:36:18.315 [JavaFX Application Thread] DEBUG Input                - Registered new binding: Move left - A
00:36:18.317 [JavaFX Application Thread] INFO  FXGL                 - FXGL initialization took: 1,687 sec
00:36:18.318 [JavaFX Application Thread] DEBUG LoopRunner           - Starting loop
00:36:18.321 [JavaFX Application Thread] DEBUG StartupState         - STARTUP
00:36:18.322 [JavaFX Application Thread] DEBUG GameApplication      - Starting new game
00:36:18.322 [JavaFX Application Thread] DEBUG Input                - Clearing active input actions
00:36:18.325 [JavaFX Application Thread] DEBUG AssetLoader          - Loading from disk: /assets/ui/css/fxgl_dark.css
00:36:18.341 [JavaFX Application Thread] DEBUG AppStateMachine      - StartupState -> LoadingState
00:36:18.352 [FXGL Background Thread 1 ] DEBUG InitAppTask          - Clearing previous game
00:36:18.353 [FXGL Background Thread 1 ] DEBUG GameWorld            - Clearing game world
00:36:18.353 [FXGL Background Thread 1 ] DEBUG PhysicsWorld         - Clearing physics world
00:36:18.353 [FXGL Background Thread 1 ] DEBUG GameScene            - Clearing game scene
00:36:18.358 [FXGL Background Thread 1 ] DEBUG InitAppTask          - Initializing Game
00:36:18.525 [FXGL Background Thread 1 ] DEBUG GameScene            - Creating render group for layer: BACKGROUND(1000)
00:36:18.528 [FXGL Background Thread 1 ] DEBUG GameScene            - Creating render group for layer: DEFAULT(100000)
00:36:18.619 [FXGL Background Thread 1 ] DEBUG InitAppTask          - Initializing Physics
00:36:18.621 [FXGL Background Thread 1 ] DEBUG InitAppTask          - Initializing UI
00:36:18.621 [FXGL Background Thread 1 ] DEBUG InitAppTask          - Initialization Complete
00:36:18.621 [FXGL Background Thread 1 ] INFO  InitAppTask          - Game initialization took: 0,269 sec
00:36:18.624 [JavaFX Application Thread] DEBUG Input                - Clearing active input actions
00:36:18.625 [JavaFX Application Thread] DEBUG AssetLoader          - Loading from disk: /assets/ui/css/fxgl_dark.css
00:36:18.638 [JavaFX Application Thread] DEBUG AppStateMachine      - LoadingState -> PlayState
00:36:24.948 [JavaFX Application Thread] DEBUG FXGL                 - Exiting FXGL
00:36:24.948 [JavaFX Application Thread] DEBUG FXGL                 - Shutting down background threads
00:36:24.949 [JavaFX Application Thread] DEBUG FXGL                 - Saving FXGL system data
00:36:24.954 [JavaFX Application Thread] DEBUG DesktopFSService     - Writing to: system/fxgl.bundle
00:36:24.959 [JavaFX Application Thread] DEBUG FXGL                 - Closing logger and exiting JavaFX
