01:05:44.270 [JavaFX Application Thread] DEBUG GameApplication      - Logger initialized
01:05:44.294 [JavaFX Application Thread] DEBUG GameApplication      - Logging settings
Title: Breakout
Version: 1.0
Width: 800
Height: 600
Fullscreen: false
Intro: false
Menus: false
Profiling: false
Single step:false
App Mode: DEVELOPER
Menu Key: ESCAPE
Stage Style: DECORATED
Scene Factory: class com.almasb.fxgl.scene.SceneFactory
Dialog Factory: class com.almasb.fxgl.ui.FXGLDialogFactory
UI Factory: class com.almasb.fxgl.ui.FXGLUIFactory
Notification Service: class com.almasb.fxgl.gameplay.notification.XboxNotificationView
Exception Handler: class com.almasb.fxgl.app.FXGLExceptionHandler
01:05:44.294 [JavaFX Application Thread] DEBUG GameApplication      - Starting FXGL
01:05:44.326 [JavaFX Application Thread] INFO  FXGL                 - FXGL-0.5.4 on DESKTOP
01:05:44.327 [JavaFX Application Thread] INFO  FXGL                 - Source code and latest versions at: https://github.com/AlmasB/FXGL
01:05:44.327 [JavaFX Application Thread] INFO  FXGL                 -              Join the FXGL chat at: https://gitter.im/AlmasB/FXGL
01:05:44.329 [JavaFX Application Thread] DEBUG FXGL                 - FXGL started
01:05:44.329 [JavaFX Application Thread] DEBUG FXGL                 - Initializing FXGL
01:05:44.454 [JavaFX Application Thread] DEBUG AssetLoader          - Loading from disk: /assets/ui/cursors/fxgl_default.png
01:05:44.653 [JavaFX Application Thread] DEBUG AssetLoader          - Loading from disk: /assets/ui/fonts/VarelaRound-Regular.ttf
01:05:44.807 [JavaFX Application Thread] DEBUG MainWindow           - Creating a JavaFX scene
01:05:44.897 [JavaFX Application Thread] DEBUG MainWindow           - Target settings size: 800.0 x 600.0
01:05:44.898 [JavaFX Application Thread] DEBUG MainWindow           - Scaled scene size:    800.0 x 600.0
01:05:44.898 [JavaFX Application Thread] DEBUG MainWindow           - Scaled ratio: (1.0, 1.0)
01:05:44.905 [JavaFX Application Thread] DEBUG AssetLoader          - Loading from disk: /assets/ui/css/fxgl_dark.css
01:05:44.914 [JavaFX Application Thread] DEBUG AssetLoader          - Loading from disk: /assets/textures/fxgl_icon.png
01:05:44.963 [JavaFX Application Thread] DEBUG MainWindow           - Opening main window
01:05:45.447 [JavaFX Application Thread] DEBUG MainWindow           - Window border size: (0.0, 35.0)
01:05:45.448 [JavaFX Application Thread] DEBUG MainWindow           - Scaled size: 800.0 x 565.0
01:05:45.449 [JavaFX Application Thread] DEBUG MainWindow           - Scaled ratio: (1.0, 0.9416666666666667)
01:05:45.454 [JavaFX Application Thread] DEBUG MainWindow           - Scene size: 800.0 x 600.0
01:05:45.455 [JavaFX Application Thread] DEBUG MainWindow           - Stage size: 800.0 x 600.0
01:05:45.602 [ForkJoinPool.commonPool-worker-1] DEBUG FS                   - Loaded DesktopFSService
01:05:45.603 [ForkJoinPool.commonPool-worker-1] DEBUG FXGL                 - Loading FXGL system data
01:05:45.621 [ForkJoinPool.commonPool-worker-1] DEBUG DesktopFSService     - Reading from: system/fxgl.bundle
01:05:45.644 [ForkJoinPool.commonPool-worker-1] DEBUG Bundle               - Logging bundle: FXGL
01:05:45.646 [ForkJoinPool.commonPool-worker-1] DEBUG Bundle               - FXGL.offline.timer.version.check=2018-12-09T23:48:16.969
01:05:45.648 [ForkJoinPool.commonPool-worker-1] DEBUG FXGL                 - Initializing state machine and application states
01:05:45.652 [ForkJoinPool.commonPool-worker-1] DEBUG AssetLoader          - Loading from disk: /assets/ui/cursors/fxgl_default.png
01:05:45.672 [ForkJoinPool.commonPool-worker-1] DEBUG AssetLoader          - Loading from disk: /assets/ui/cursors/fxgl_default.png
01:05:45.689 [ForkJoinPool.commonPool-worker-1] DEBUG AssetLoader          - Loading from cache: /assets/ui/fonts/VarelaRound-Regular.ttf
01:05:45.702 [ForkJoinPool.commonPool-worker-1] DEBUG AssetLoader          - Loading from disk: /assets/ui/cursors/fxgl_default.png
01:05:45.712 [ForkJoinPool.commonPool-worker-1] DEBUG GameScene            - Game scene initialized: 800x600
01:05:45.734 [ForkJoinPool.commonPool-worker-1] DEBUG GameWorld            - Game world initialized
01:05:45.888 [ForkJoinPool.commonPool-worker-1] DEBUG PhysicsWorld         - Physics world initialized: appHeight=600, physics.ppm=50,0
01:05:45.928 [ForkJoinPool.commonPool-worker-1] DEBUG Input                - Registered new binding: Pause - Esc
01:05:46.025 [JavaFX Application Thread] DEBUG FXGL                 - Running preInit()
01:05:46.028 [JavaFX Application Thread] DEBUG Input                - Registered new binding: Screenshot - P
01:05:46.029 [JavaFX Application Thread] DEBUG Input                - Registered new binding: Dev Options - CTRL+0
01:05:46.030 [JavaFX Application Thread] DEBUG Input                - Registered new binding: System info dump - CTRL+9
01:05:46.031 [JavaFX Application Thread] DEBUG Input                - Registered new binding: Restart - CTRL+R
01:05:46.031 [JavaFX Application Thread] DEBUG Input                - Registered new binding: Move right - D
01:05:46.033 [JavaFX Application Thread] DEBUG Input                - Registered new binding: Move left - A
01:05:46.033 [JavaFX Application Thread] DEBUG Input                - Registered new binding: Launch ball - Space
01:05:46.034 [JavaFX Application Thread] DEBUG Input                - Registered new binding: New level - N
01:05:46.035 [JavaFX Application Thread] DEBUG Input                - Registered new binding: Testing - W
01:05:46.036 [JavaFX Application Thread] INFO  FXGL                 - FXGL initialization took: 1,705 sec
01:05:46.036 [JavaFX Application Thread] DEBUG LoopRunner           - Starting loop
01:05:46.042 [JavaFX Application Thread] DEBUG StartupState         - STARTUP
01:05:46.042 [JavaFX Application Thread] DEBUG GameApplication      - Starting new game
01:05:46.043 [JavaFX Application Thread] DEBUG Input                - Clearing active input actions
01:05:46.045 [JavaFX Application Thread] DEBUG AssetLoader          - Loading from disk: /assets/ui/css/fxgl_dark.css
01:05:46.064 [JavaFX Application Thread] DEBUG AppStateMachine      - StartupState -> LoadingState
01:05:46.071 [FXGL Background Thread 1 ] DEBUG InitAppTask          - Clearing previous game
01:05:46.072 [FXGL Background Thread 1 ] DEBUG GameWorld            - Clearing game world
01:05:46.072 [FXGL Background Thread 1 ] DEBUG PhysicsWorld         - Clearing physics world
01:05:46.072 [FXGL Background Thread 1 ] DEBUG GameScene            - Clearing game scene
01:05:46.075 [FXGL Background Thread 1 ] DEBUG InitAppTask          - Initializing Game
01:05:46.273 [FXGL Background Thread 1 ] DEBUG GameScene            - Creating render group for layer: BACKGROUND(1000)
01:05:46.342 [FXGL Background Thread 1 ] DEBUG GameScene            - Creating render group for layer: DEFAULT(100000)
01:05:46.343 [FXGL Background Thread 1 ] DEBUG InitAppTask          - Initializing Physics
01:05:46.344 [FXGL Background Thread 1 ] DEBUG InitAppTask          - Initializing UI
01:05:46.345 [FXGL Background Thread 1 ] DEBUG InitAppTask          - Initialization Complete
01:05:46.346 [FXGL Background Thread 1 ] INFO  InitAppTask          - Game initialization took: 0,274 sec
01:05:46.349 [JavaFX Application Thread] DEBUG Input                - Clearing active input actions
01:05:46.349 [JavaFX Application Thread] DEBUG AssetLoader          - Loading from disk: /assets/ui/css/fxgl_dark.css
01:05:46.360 [JavaFX Application Thread] DEBUG AppStateMachine      - LoadingState -> PlayState
01:06:09.333 [JavaFX Application Thread] DEBUG FXGL                 - Exiting FXGL
01:06:09.333 [JavaFX Application Thread] DEBUG FXGL                 - Shutting down background threads
01:06:09.333 [JavaFX Application Thread] DEBUG FXGL                 - Saving FXGL system data
01:06:09.336 [JavaFX Application Thread] DEBUG DesktopFSService     - Writing to: system/fxgl.bundle
01:06:09.340 [JavaFX Application Thread] DEBUG FXGL                 - Closing logger and exiting JavaFX
